[2016-06-15 22:43:24] local.ERROR: exception 'PDOException' with message 'SQLSTATE[42S02]: Base table or view not found: 1146 Table 'ibsinformationsystem.divisions' doesn't exist' in C:\wamp64\www\System\vendor\laravel\framework\src\Illuminate\Database\Connection.php:382
Stack trace:
#0 C:\wamp64\www\System\vendor\laravel\framework\src\Illuminate\Database\Connection.php(382): PDO->prepare('delete from `di...')
#1 C:\wamp64\www\System\vendor\laravel\framework\src\Illuminate\Database\Connection.php(616): Illuminate\Database\Connection->Illuminate\Database\{closure}(Object(Illuminate\Database\MySqlConnection), 'delete from `di...', Array)
#2 C:\wamp64\www\System\vendor\laravel\framework\src\Illuminate\Database\Connection.php(580): Illuminate\Database\Connection->runQueryCallback('delete from `di...', Array, Object(Closure))
#3 C:\wamp64\www\System\vendor\laravel\framework\src\Illuminate\Database\Connection.php(387): Illuminate\Database\Connection->run('delete from `di...', Array, Object(Closure))
#4 C:\wamp64\www\System\vendor\laravel\framework\src\Illuminate\Database\Connection.php(344): Illuminate\Database\Connection->affectingStatement('delete from `di...', Array)
#5 C:\wamp64\www\System\vendor\laravel\framework\src\Illuminate\Database\Query\Builder.php(1792): Illuminate\Database\Connection->delete('delete from `di...', Array)
#6 C:\wamp64\www\System\database\seeds\DivisionTableSeeder.php(10): Illuminate\Database\Query\Builder->delete()
#7 C:\wamp64\www\System\vendor\laravel\framework\src\Illuminate\Database\Seeder.php(40): DivisionTableSeeder->run()
#8 C:\wamp64\www\System\database\seeds\DatabaseSeeder.php(17): Illuminate\Database\Seeder->call('DivisionTableSe...')
#9 C:\wamp64\www\System\vendor\laravel\framework\src\Illuminate\Database\Console\SeedCommand.php(57): DatabaseSeeder->run()
#10 [internal function]: Illuminate\Database\Console\SeedCommand->fire()
#11 C:\wamp64\www\System\vendor\laravel\framework\src\Illuminate\Container\Container.php(526): call_user_func_array(Array, Array)
#12 C:\wamp64\www\System\vendor\laravel\framework\src\Illuminate\Console\Command.php(115): Illuminate\Container\Container->call(Array)
#13 C:\wamp64\www\System\vendor\symfony\console\Symfony\Component\Console\Command\Command.php(257): Illuminate\Console\Command->execute(Object(Symfony\Component\Console\Input\ArgvInput), Object(Symfony\Component\Console\Output\ConsoleOutput))
#14 C:\wamp64\www\System\vendor\laravel\framework\src\Illuminate\Console\Command.php(101): Symfony\Component\Console\Command\Command->run(Object(Symfony\Component\Console\Input\ArgvInput), Object(Symfony\Component\Console\Output\ConsoleOutput))
#15 C:\wamp64\www\System\vendor\symfony\console\Symfony\Component\Console\Application.php(874): Illuminate\Console\Command->run(Object(Symfony\Component\Console\Input\ArgvInput), Object(Symfony\Component\Console\Output\ConsoleOutput))
#16 C:\wamp64\www\System\vendor\symfony\console\Symfony\Component\Console\Application.php(195): Symfony\Component\Console\Application->doRunCommand(Object(Illuminate\Database\Console\SeedCommand), Object(Symfony\Component\Console\Input\ArgvInput), Object(Symfony\Component\Console\Output\ConsoleOutput))
#17 C:\wamp64\www\System\vendor\symfony\console\Symfony\Component\Console\Application.php(126): Symfony\Component\Console\Application->doRun(Object(Symfony\Component\Console\Input\ArgvInput), Object(Symfony\Component\Console\Output\ConsoleOutput))
#18 C:\wamp64\www\System\vendor\laravel\framework\src\Illuminate\Foundation\Console\Kernel.php(94): Symfony\Component\Console\Application->run(Object(Symfony\Component\Console\Input\ArgvInput), Object(Symfony\Component\Console\Output\ConsoleOutput))
#19 C:\wamp64\www\System\artisan(36): Illuminate\Foundation\Console\Kernel->handle(Object(Symfony\Component\Console\Input\ArgvInput), Object(Symfony\Component\Console\Output\ConsoleOutput))
#20 {main}

Next exception 'Illuminate\Database\QueryException' with message 'SQLSTATE[42S02]: Base table or view not found: 1146 Table 'ibsinformationsystem.divisions' doesn't exist (SQL: delete from `divisions`)' in C:\wamp64\www\System\vendor\laravel\framework\src\Illuminate\Database\Connection.php:624
Stack trace:
#0 C:\wamp64\www\System\vendor\laravel\framework\src\Illuminate\Database\Connection.php(580): Illuminate\Database\Connection->runQueryCallback('delete from `di...', Array, Object(Closure))
#1 C:\wamp64\www\System\vendor\laravel\framework\src\Illuminate\Database\Connection.php(387): Illuminate\Database\Connection->run('delete from `di...', Array, Object(Closure))
#2 C:\wamp64\www\System\vendor\laravel\framework\src\Illuminate\Database\Connection.php(344): Illuminate\Database\Connection->affectingStatement('delete from `di...', Array)
#3 C:\wamp64\www\System\vendor\laravel\framework\src\Illuminate\Database\Query\Builder.php(1792): Illuminate\Database\Connection->delete('delete from `di...', Array)
#4 C:\wamp64\www\System\database\seeds\DivisionTableSeeder.php(10): Illuminate\Database\Query\Builder->delete()
#5 C:\wamp64\www\System\vendor\laravel\framework\src\Illuminate\Database\Seeder.php(40): DivisionTableSeeder->run()
#6 C:\wamp64\www\System\database\seeds\DatabaseSeeder.php(17): Illuminate\Database\Seeder->call('DivisionTableSe...')
#7 C:\wamp64\www\System\vendor\laravel\framework\src\Illuminate\Database\Console\SeedCommand.php(57): DatabaseSeeder->run()
#8 [internal function]: Illuminate\Database\Console\SeedCommand->fire()
#9 C:\wamp64\www\System\vendor\laravel\framework\src\Illuminate\Container\Container.php(526): call_user_func_array(Array, Array)
#10 C:\wamp64\www\System\vendor\laravel\framework\src\Illuminate\Console\Command.php(115): Illuminate\Container\Container->call(Array)
#11 C:\wamp64\www\System\vendor\symfony\console\Symfony\Component\Console\Command\Command.php(257): Illuminate\Console\Command->execute(Object(Symfony\Component\Console\Input\ArgvInput), Object(Symfony\Component\Console\Output\ConsoleOutput))
#12 C:\wamp64\www\System\vendor\laravel\framework\src\Illuminate\Console\Command.php(101): Symfony\Component\Console\Command\Command->run(Object(Symfony\Component\Console\Input\ArgvInput), Object(Symfony\Component\Console\Output\ConsoleOutput))
#13 C:\wamp64\www\System\vendor\symfony\console\Symfony\Component\Console\Application.php(874): Illuminate\Console\Command->run(Object(Symfony\Component\Console\Input\ArgvInput), Object(Symfony\Component\Console\Output\ConsoleOutput))
#14 C:\wamp64\www\System\vendor\symfony\console\Symfony\Component\Console\Application.php(195): Symfony\Component\Console\Application->doRunCommand(Object(Illuminate\Database\Console\SeedCommand), Object(Symfony\Component\Console\Input\ArgvInput), Object(Symfony\Component\Console\Output\ConsoleOutput))
#15 C:\wamp64\www\System\vendor\symfony\console\Symfony\Component\Console\Application.php(126): Symfony\Component\Console\Application->doRun(Object(Symfony\Component\Console\Input\ArgvInput), Object(Symfony\Component\Console\Output\ConsoleOutput))
#16 C:\wamp64\www\System\vendor\laravel\framework\src\Illuminate\Foundation\Console\Kernel.php(94): Symfony\Component\Console\Application->run(Object(Symfony\Component\Console\Input\ArgvInput), Object(Symfony\Component\Console\Output\ConsoleOutput))
#17 C:\wamp64\www\System\artisan(36): Illuminate\Foundation\Console\Kernel->handle(Object(Symfony\Component\Console\Input\ArgvInput), Object(Symfony\Component\Console\Output\ConsoleOutput))
#18 {main}  
[2016-06-15 22:45:51] local.ERROR: exception 'PDOException' with message 'SQLSTATE[42S02]: Base table or view not found: 1146 Table 'ibsinformationsystem.degrees' doesn't exist' in C:\wamp64\www\System\vendor\laravel\framework\src\Illuminate\Database\Connection.php:382
Stack trace:
#0 C:\wamp64\www\System\vendor\laravel\framework\src\Illuminate\Database\Connection.php(382): PDO->prepare('delete from `de...')
#1 C:\wamp64\www\System\vendor\laravel\framework\src\Illuminate\Database\Connection.php(616): Illuminate\Database\Connection->Illuminate\Database\{closure}(Object(Illuminate\Database\MySqlConnection), 'delete from `de...', Array)
#2 C:\wamp64\www\System\vendor\laravel\framework\src\Illuminate\Database\Connection.php(580): Illuminate\Database\Connection->runQueryCallback('delete from `de...', Array, Object(Closure))
#3 C:\wamp64\www\System\vendor\laravel\framework\src\Illuminate\Database\Connection.php(387): Illuminate\Database\Connection->run('delete from `de...', Array, Object(Closure))
#4 C:\wamp64\www\System\vendor\laravel\framework\src\Illuminate\Database\Connection.php(344): Illuminate\Database\Connection->affectingStatement('delete from `de...', Array)
#5 C:\wamp64\www\System\vendor\laravel\framework\src\Illuminate\Database\Query\Builder.php(1792): Illuminate\Database\Connection->delete('delete from `de...', Array)
#6 C:\wamp64\www\System\database\seeds\DegreeTableSeeder.php(10): Illuminate\Database\Query\Builder->delete()
#7 C:\wamp64\www\System\vendor\laravel\framework\src\Illuminate\Database\Seeder.php(40): DegreeTableSeeder->run()
#8 C:\wamp64\www\System\database\seeds\DatabaseSeeder.php(18): Illuminate\Database\Seeder->call('DegreeTableSeed...')
#9 C:\wamp64\www\System\vendor\laravel\framework\src\Illuminate\Database\Console\SeedCommand.php(57): DatabaseSeeder->run()
#10 [internal function]: Illuminate\Database\Console\SeedCommand->fire()
#11 C:\wamp64\www\System\vendor\laravel\framework\src\Illuminate\Container\Container.php(526): call_user_func_array(Array, Array)
#12 C:\wamp64\www\System\vendor\laravel\framework\src\Illuminate\Console\Command.php(115): Illuminate\Container\Container->call(Array)
#13 C:\wamp64\www\System\vendor\symfony\console\Symfony\Component\Console\Command\Command.php(257): Illuminate\Console\Command->execute(Object(Symfony\Component\Console\Input\ArgvInput), Object(Symfony\Component\Console\Output\ConsoleOutput))
#14 C:\wamp64\www\System\vendor\laravel\framework\src\Illuminate\Console\Command.php(101): Symfony\Component\Console\Command\Command->run(Object(Symfony\Component\Console\Input\ArgvInput), Object(Symfony\Component\Console\Output\ConsoleOutput))
#15 C:\wamp64\www\System\vendor\symfony\console\Symfony\Component\Console\Application.php(874): Illuminate\Console\Command->run(Object(Symfony\Component\Console\Input\ArgvInput), Object(Symfony\Component\Console\Output\ConsoleOutput))
#16 C:\wamp64\www\System\vendor\symfony\console\Symfony\Component\Console\Application.php(195): Symfony\Component\Console\Application->doRunCommand(Object(Illuminate\Database\Console\SeedCommand), Object(Symfony\Component\Console\Input\ArgvInput), Object(Symfony\Component\Console\Output\ConsoleOutput))
#17 C:\wamp64\www\System\vendor\symfony\console\Symfony\Component\Console\Application.php(126): Symfony\Component\Console\Application->doRun(Object(Symfony\Component\Console\Input\ArgvInput), Object(Symfony\Component\Console\Output\ConsoleOutput))
#18 C:\wamp64\www\System\vendor\laravel\framework\src\Illuminate\Foundation\Console\Kernel.php(94): Symfony\Component\Console\Application->run(Object(Symfony\Component\Console\Input\ArgvInput), Object(Symfony\Component\Console\Output\ConsoleOutput))
#19 C:\wamp64\www\System\artisan(36): Illuminate\Foundation\Console\Kernel->handle(Object(Symfony\Component\Console\Input\ArgvInput), Object(Symfony\Component\Console\Output\ConsoleOutput))
#20 {main}

Next exception 'Illuminate\Database\QueryException' with message 'SQLSTATE[42S02]: Base table or view not found: 1146 Table 'ibsinformationsystem.degrees' doesn't exist (SQL: delete from `degrees`)' in C:\wamp64\www\System\vendor\laravel\framework\src\Illuminate\Database\Connection.php:624
Stack trace:
#0 C:\wamp64\www\System\vendor\laravel\framework\src\Illuminate\Database\Connection.php(580): Illuminate\Database\Connection->runQueryCallback('delete from `de...', Array, Object(Closure))
#1 C:\wamp64\www\System\vendor\laravel\framework\src\Illuminate\Database\Connection.php(387): Illuminate\Database\Connection->run('delete from `de...', Array, Object(Closure))
#2 C:\wamp64\www\System\vendor\laravel\framework\src\Illuminate\Database\Connection.php(344): Illuminate\Database\Connection->affectingStatement('delete from `de...', Array)
#3 C:\wamp64\www\System\vendor\laravel\framework\src\Illuminate\Database\Query\Builder.php(1792): Illuminate\Database\Connection->delete('delete from `de...', Array)
#4 C:\wamp64\www\System\database\seeds\DegreeTableSeeder.php(10): Illuminate\Database\Query\Builder->delete()
#5 C:\wamp64\www\System\vendor\laravel\framework\src\Illuminate\Database\Seeder.php(40): DegreeTableSeeder->run()
#6 C:\wamp64\www\System\database\seeds\DatabaseSeeder.php(18): Illuminate\Database\Seeder->call('DegreeTableSeed...')
#7 C:\wamp64\www\System\vendor\laravel\framework\src\Illuminate\Database\Console\SeedCommand.php(57): DatabaseSeeder->run()
#8 [internal function]: Illuminate\Database\Console\SeedCommand->fire()
#9 C:\wamp64\www\System\vendor\laravel\framework\src\Illuminate\Container\Container.php(526): call_user_func_array(Array, Array)
#10 C:\wamp64\www\System\vendor\laravel\framework\src\Illuminate\Console\Command.php(115): Illuminate\Container\Container->call(Array)
#11 C:\wamp64\www\System\vendor\symfony\console\Symfony\Component\Console\Command\Command.php(257): Illuminate\Console\Command->execute(Object(Symfony\Component\Console\Input\ArgvInput), Object(Symfony\Component\Console\Output\ConsoleOutput))
#12 C:\wamp64\www\System\vendor\laravel\framework\src\Illuminate\Console\Command.php(101): Symfony\Component\Console\Command\Command->run(Object(Symfony\Component\Console\Input\ArgvInput), Object(Symfony\Component\Console\Output\ConsoleOutput))
#13 C:\wamp64\www\System\vendor\symfony\console\Symfony\Component\Console\Application.php(874): Illuminate\Console\Command->run(Object(Symfony\Component\Console\Input\ArgvInput), Object(Symfony\Component\Console\Output\ConsoleOutput))
#14 C:\wamp64\www\System\vendor\symfony\console\Symfony\Component\Console\Application.php(195): Symfony\Component\Console\Application->doRunCommand(Object(Illuminate\Database\Console\SeedCommand), Object(Symfony\Component\Console\Input\ArgvInput), Object(Symfony\Component\Console\Output\ConsoleOutput))
#15 C:\wamp64\www\System\vendor\symfony\console\Symfony\Component\Console\Application.php(126): Symfony\Component\Console\Application->doRun(Object(Symfony\Component\Console\Input\ArgvInput), Object(Symfony\Component\Console\Output\ConsoleOutput))
#16 C:\wamp64\www\System\vendor\laravel\framework\src\Illuminate\Foundation\Console\Kernel.php(94): Symfony\Component\Console\Application->run(Object(Symfony\Component\Console\Input\ArgvInput), Object(Symfony\Component\Console\Output\ConsoleOutput))
#17 C:\wamp64\www\System\artisan(36): Illuminate\Foundation\Console\Kernel->handle(Object(Symfony\Component\Console\Input\ArgvInput), Object(Symfony\Component\Console\Output\ConsoleOutput))
#18 {main}  
[2016-06-15 22:46:45] local.ERROR: exception 'PDOException' with message 'SQLSTATE[42S02]: Base table or view not found: 1146 Table 'ibsinformationsystem.faculty_positions' doesn't exist' in C:\wamp64\www\System\vendor\laravel\framework\src\Illuminate\Database\Connection.php:382
Stack trace:
#0 C:\wamp64\www\System\vendor\laravel\framework\src\Illuminate\Database\Connection.php(382): PDO->prepare('delete from `fa...')
#1 C:\wamp64\www\System\vendor\laravel\framework\src\Illuminate\Database\Connection.php(616): Illuminate\Database\Connection->Illuminate\Database\{closure}(Object(Illuminate\Database\MySqlConnection), 'delete from `fa...', Array)
#2 C:\wamp64\www\System\vendor\laravel\framework\src\Illuminate\Database\Connection.php(580): Illuminate\Database\Connection->runQueryCallback('delete from `fa...', Array, Object(Closure))
#3 C:\wamp64\www\System\vendor\laravel\framework\src\Illuminate\Database\Connection.php(387): Illuminate\Database\Connection->run('delete from `fa...', Array, Object(Closure))
#4 C:\wamp64\www\System\vendor\laravel\framework\src\Illuminate\Database\Connection.php(344): Illuminate\Database\Connection->affectingStatement('delete from `fa...', Array)
#5 C:\wamp64\www\System\vendor\laravel\framework\src\Illuminate\Database\Query\Builder.php(1792): Illuminate\Database\Connection->delete('delete from `fa...', Array)
#6 C:\wamp64\www\System\database\seeds\FacultyPositionTableSeeder.php(10): Illuminate\Database\Query\Builder->delete()
#7 C:\wamp64\www\System\vendor\laravel\framework\src\Illuminate\Database\Seeder.php(40): FacultyPositionTableSeeder->run()
#8 C:\wamp64\www\System\database\seeds\DatabaseSeeder.php(19): Illuminate\Database\Seeder->call('FacultyPosition...')
#9 C:\wamp64\www\System\vendor\laravel\framework\src\Illuminate\Database\Console\SeedCommand.php(57): DatabaseSeeder->run()
#10 [internal function]: Illuminate\Database\Console\SeedCommand->fire()
#11 C:\wamp64\www\System\vendor\laravel\framework\src\Illuminate\Container\Container.php(526): call_user_func_array(Array, Array)
#12 C:\wamp64\www\System\vendor\laravel\framework\src\Illuminate\Console\Command.php(115): Illuminate\Container\Container->call(Array)
#13 C:\wamp64\www\System\vendor\symfony\console\Symfony\Component\Console\Command\Command.php(257): Illuminate\Console\Command->execute(Object(Symfony\Component\Console\Input\ArgvInput), Object(Symfony\Component\Console\Output\ConsoleOutput))
#14 C:\wamp64\www\System\vendor\laravel\framework\src\Illuminate\Console\Command.php(101): Symfony\Component\Console\Command\Command->run(Object(Symfony\Component\Console\Input\ArgvInput), Object(Symfony\Component\Console\Output\ConsoleOutput))
#15 C:\wamp64\www\System\vendor\symfony\console\Symfony\Component\Console\Application.php(874): Illuminate\Console\Command->run(Object(Symfony\Component\Console\Input\ArgvInput), Object(Symfony\Component\Console\Output\ConsoleOutput))
#16 C:\wamp64\www\System\vendor\symfony\console\Symfony\Component\Console\Application.php(195): Symfony\Component\Console\Application->doRunCommand(Object(Illuminate\Database\Console\SeedCommand), Object(Symfony\Component\Console\Input\ArgvInput), Object(Symfony\Component\Console\Output\ConsoleOutput))
#17 C:\wamp64\www\System\vendor\symfony\console\Symfony\Component\Console\Application.php(126): Symfony\Component\Console\Application->doRun(Object(Symfony\Component\Console\Input\ArgvInput), Object(Symfony\Component\Console\Output\ConsoleOutput))
#18 C:\wamp64\www\System\vendor\laravel\framework\src\Illuminate\Foundation\Console\Kernel.php(94): Symfony\Component\Console\Application->run(Object(Symfony\Component\Console\Input\ArgvInput), Object(Symfony\Component\Console\Output\ConsoleOutput))
#19 C:\wamp64\www\System\artisan(36): Illuminate\Foundation\Console\Kernel->handle(Object(Symfony\Component\Console\Input\ArgvInput), Object(Symfony\Component\Console\Output\ConsoleOutput))
#20 {main}

Next exception 'Illuminate\Database\QueryException' with message 'SQLSTATE[42S02]: Base table or view not found: 1146 Table 'ibsinformationsystem.faculty_positions' doesn't exist (SQL: delete from `faculty_positions`)' in C:\wamp64\www\System\vendor\laravel\framework\src\Illuminate\Database\Connection.php:624
Stack trace:
#0 C:\wamp64\www\System\vendor\laravel\framework\src\Illuminate\Database\Connection.php(580): Illuminate\Database\Connection->runQueryCallback('delete from `fa...', Array, Object(Closure))
#1 C:\wamp64\www\System\vendor\laravel\framework\src\Illuminate\Database\Connection.php(387): Illuminate\Database\Connection->run('delete from `fa...', Array, Object(Closure))
#2 C:\wamp64\www\System\vendor\laravel\framework\src\Illuminate\Database\Connection.php(344): Illuminate\Database\Connection->affectingStatement('delete from `fa...', Array)
#3 C:\wamp64\www\System\vendor\laravel\framework\src\Illuminate\Database\Query\Builder.php(1792): Illuminate\Database\Connection->delete('delete from `fa...', Array)
#4 C:\wamp64\www\System\database\seeds\FacultyPositionTableSeeder.php(10): Illuminate\Database\Query\Builder->delete()
#5 C:\wamp64\www\System\vendor\laravel\framework\src\Illuminate\Database\Seeder.php(40): FacultyPositionTableSeeder->run()
#6 C:\wamp64\www\System\database\seeds\DatabaseSeeder.php(19): Illuminate\Database\Seeder->call('FacultyPosition...')
#7 C:\wamp64\www\System\vendor\laravel\framework\src\Illuminate\Database\Console\SeedCommand.php(57): DatabaseSeeder->run()
#8 [internal function]: Illuminate\Database\Console\SeedCommand->fire()
#9 C:\wamp64\www\System\vendor\laravel\framework\src\Illuminate\Container\Container.php(526): call_user_func_array(Array, Array)
#10 C:\wamp64\www\System\vendor\laravel\framework\src\Illuminate\Console\Command.php(115): Illuminate\Container\Container->call(Array)
#11 C:\wamp64\www\System\vendor\symfony\console\Symfony\Component\Console\Command\Command.php(257): Illuminate\Console\Command->execute(Object(Symfony\Component\Console\Input\ArgvInput), Object(Symfony\Component\Console\Output\ConsoleOutput))
#12 C:\wamp64\www\System\vendor\laravel\framework\src\Illuminate\Console\Command.php(101): Symfony\Component\Console\Command\Command->run(Object(Symfony\Component\Console\Input\ArgvInput), Object(Symfony\Component\Console\Output\ConsoleOutput))
#13 C:\wamp64\www\System\vendor\symfony\console\Symfony\Component\Console\Application.php(874): Illuminate\Console\Command->run(Object(Symfony\Component\Console\Input\ArgvInput), Object(Symfony\Component\Console\Output\ConsoleOutput))
#14 C:\wamp64\www\System\vendor\symfony\console\Symfony\Component\Console\Application.php(195): Symfony\Component\Console\Application->doRunCommand(Object(Illuminate\Database\Console\SeedCommand), Object(Symfony\Component\Console\Input\ArgvInput), Object(Symfony\Component\Console\Output\ConsoleOutput))
#15 C:\wamp64\www\System\vendor\symfony\console\Symfony\Component\Console\Application.php(126): Symfony\Component\Console\Application->doRun(Object(Symfony\Component\Console\Input\ArgvInput), Object(Symfony\Component\Console\Output\ConsoleOutput))
#16 C:\wamp64\www\System\vendor\laravel\framework\src\Illuminate\Foundation\Console\Kernel.php(94): Symfony\Component\Console\Application->run(Object(Symfony\Component\Console\Input\ArgvInput), Object(Symfony\Component\Console\Output\ConsoleOutput))
#17 C:\wamp64\www\System\artisan(36): Illuminate\Foundation\Console\Kernel->handle(Object(Symfony\Component\Console\Input\ArgvInput), Object(Symfony\Component\Console\Output\ConsoleOutput))
#18 {main}  
[2016-06-15 22:47:26] local.ERROR: exception 'PDOException' with message 'SQLSTATE[42S02]: Base table or view not found: 1146 Table 'ibsinformationsystem.staff_positions' doesn't exist' in C:\wamp64\www\System\vendor\laravel\framework\src\Illuminate\Database\Connection.php:382
Stack trace:
#0 C:\wamp64\www\System\vendor\laravel\framework\src\Illuminate\Database\Connection.php(382): PDO->prepare('delete from `st...')
#1 C:\wamp64\www\System\vendor\laravel\framework\src\Illuminate\Database\Connection.php(616): Illuminate\Database\Connection->Illuminate\Database\{closure}(Object(Illuminate\Database\MySqlConnection), 'delete from `st...', Array)
#2 C:\wamp64\www\System\vendor\laravel\framework\src\Illuminate\Database\Connection.php(580): Illuminate\Database\Connection->runQueryCallback('delete from `st...', Array, Object(Closure))
#3 C:\wamp64\www\System\vendor\laravel\framework\src\Illuminate\Database\Connection.php(387): Illuminate\Database\Connection->run('delete from `st...', Array, Object(Closure))
#4 C:\wamp64\www\System\vendor\laravel\framework\src\Illuminate\Database\Connection.php(344): Illuminate\Database\Connection->affectingStatement('delete from `st...', Array)
#5 C:\wamp64\www\System\vendor\laravel\framework\src\Illuminate\Database\Query\Builder.php(1792): Illuminate\Database\Connection->delete('delete from `st...', Array)
#6 C:\wamp64\www\System\database\seeds\StaffPositionTableSeeder.php(10): Illuminate\Database\Query\Builder->delete()
#7 C:\wamp64\www\System\vendor\laravel\framework\src\Illuminate\Database\Seeder.php(40): StaffPositionTableSeeder->run()
#8 C:\wamp64\www\System\database\seeds\DatabaseSeeder.php(20): Illuminate\Database\Seeder->call('StaffPositionTa...')
#9 C:\wamp64\www\System\vendor\laravel\framework\src\Illuminate\Database\Console\SeedCommand.php(57): DatabaseSeeder->run()
#10 [internal function]: Illuminate\Database\Console\SeedCommand->fire()
#11 C:\wamp64\www\System\vendor\laravel\framework\src\Illuminate\Container\Container.php(526): call_user_func_array(Array, Array)
#12 C:\wamp64\www\System\vendor\laravel\framework\src\Illuminate\Console\Command.php(115): Illuminate\Container\Container->call(Array)
#13 C:\wamp64\www\System\vendor\symfony\console\Symfony\Component\Console\Command\Command.php(257): Illuminate\Console\Command->execute(Object(Symfony\Component\Console\Input\ArgvInput), Object(Symfony\Component\Console\Output\ConsoleOutput))
#14 C:\wamp64\www\System\vendor\laravel\framework\src\Illuminate\Console\Command.php(101): Symfony\Component\Console\Command\Command->run(Object(Symfony\Component\Console\Input\ArgvInput), Object(Symfony\Component\Console\Output\ConsoleOutput))
#15 C:\wamp64\www\System\vendor\symfony\console\Symfony\Component\Console\Application.php(874): Illuminate\Console\Command->run(Object(Symfony\Component\Console\Input\ArgvInput), Object(Symfony\Component\Console\Output\ConsoleOutput))
#16 C:\wamp64\www\System\vendor\symfony\console\Symfony\Component\Console\Application.php(195): Symfony\Component\Console\Application->doRunCommand(Object(Illuminate\Database\Console\SeedCommand), Object(Symfony\Component\Console\Input\ArgvInput), Object(Symfony\Component\Console\Output\ConsoleOutput))
#17 C:\wamp64\www\System\vendor\symfony\console\Symfony\Component\Console\Application.php(126): Symfony\Component\Console\Application->doRun(Object(Symfony\Component\Console\Input\ArgvInput), Object(Symfony\Component\Console\Output\ConsoleOutput))
#18 C:\wamp64\www\System\vendor\laravel\framework\src\Illuminate\Foundation\Console\Kernel.php(94): Symfony\Component\Console\Application->run(Object(Symfony\Component\Console\Input\ArgvInput), Object(Symfony\Component\Console\Output\ConsoleOutput))
#19 C:\wamp64\www\System\artisan(36): Illuminate\Foundation\Console\Kernel->handle(Object(Symfony\Component\Console\Input\ArgvInput), Object(Symfony\Component\Console\Output\ConsoleOutput))
#20 {main}

Next exception 'Illuminate\Database\QueryException' with message 'SQLSTATE[42S02]: Base table or view not found: 1146 Table 'ibsinformationsystem.staff_positions' doesn't exist (SQL: delete from `staff_positions`)' in C:\wamp64\www\System\vendor\laravel\framework\src\Illuminate\Database\Connection.php:624
Stack trace:
#0 C:\wamp64\www\System\vendor\laravel\framework\src\Illuminate\Database\Connection.php(580): Illuminate\Database\Connection->runQueryCallback('delete from `st...', Array, Object(Closure))
#1 C:\wamp64\www\System\vendor\laravel\framework\src\Illuminate\Database\Connection.php(387): Illuminate\Database\Connection->run('delete from `st...', Array, Object(Closure))
#2 C:\wamp64\www\System\vendor\laravel\framework\src\Illuminate\Database\Connection.php(344): Illuminate\Database\Connection->affectingStatement('delete from `st...', Array)
#3 C:\wamp64\www\System\vendor\laravel\framework\src\Illuminate\Database\Query\Builder.php(1792): Illuminate\Database\Connection->delete('delete from `st...', Array)
#4 C:\wamp64\www\System\database\seeds\StaffPositionTableSeeder.php(10): Illuminate\Database\Query\Builder->delete()
#5 C:\wamp64\www\System\vendor\laravel\framework\src\Illuminate\Database\Seeder.php(40): StaffPositionTableSeeder->run()
#6 C:\wamp64\www\System\database\seeds\DatabaseSeeder.php(20): Illuminate\Database\Seeder->call('StaffPositionTa...')
#7 C:\wamp64\www\System\vendor\laravel\framework\src\Illuminate\Database\Console\SeedCommand.php(57): DatabaseSeeder->run()
#8 [internal function]: Illuminate\Database\Console\SeedCommand->fire()
#9 C:\wamp64\www\System\vendor\laravel\framework\src\Illuminate\Container\Container.php(526): call_user_func_array(Array, Array)
#10 C:\wamp64\www\System\vendor\laravel\framework\src\Illuminate\Console\Command.php(115): Illuminate\Container\Container->call(Array)
#11 C:\wamp64\www\System\vendor\symfony\console\Symfony\Component\Console\Command\Command.php(257): Illuminate\Console\Command->execute(Object(Symfony\Component\Console\Input\ArgvInput), Object(Symfony\Component\Console\Output\ConsoleOutput))
#12 C:\wamp64\www\System\vendor\laravel\framework\src\Illuminate\Console\Command.php(101): Symfony\Component\Console\Command\Command->run(Object(Symfony\Component\Console\Input\ArgvInput), Object(Symfony\Component\Console\Output\ConsoleOutput))
#13 C:\wamp64\www\System\vendor\symfony\console\Symfony\Component\Console\Application.php(874): Illuminate\Console\Command->run(Object(Symfony\Component\Console\Input\ArgvInput), Object(Symfony\Component\Console\Output\ConsoleOutput))
#14 C:\wamp64\www\System\vendor\symfony\console\Symfony\Component\Console\Application.php(195): Symfony\Component\Console\Application->doRunCommand(Object(Illuminate\Database\Console\SeedCommand), Object(Symfony\Component\Console\Input\ArgvInput), Object(Symfony\Component\Console\Output\ConsoleOutput))
#15 C:\wamp64\www\System\vendor\symfony\console\Symfony\Component\Console\Application.php(126): Symfony\Component\Console\Application->doRun(Object(Symfony\Component\Console\Input\ArgvInput), Object(Symfony\Component\Console\Output\ConsoleOutput))
#16 C:\wamp64\www\System\vendor\laravel\framework\src\Illuminate\Foundation\Console\Kernel.php(94): Symfony\Component\Console\Application->run(Object(Symfony\Component\Console\Input\ArgvInput), Object(Symfony\Component\Console\Output\ConsoleOutput))
#17 C:\wamp64\www\System\artisan(36): Illuminate\Foundation\Console\Kernel->handle(Object(Symfony\Component\Console\Input\ArgvInput), Object(Symfony\Component\Console\Output\ConsoleOutput))
#18 {main}  
[2016-06-15 22:48:01] local.ERROR: exception 'PDOException' with message 'SQLSTATE[42S02]: Base table or view not found: 1146 Table 'ibsinformationsystem.specializations' doesn't exist' in C:\wamp64\www\System\vendor\laravel\framework\src\Illuminate\Database\Connection.php:382
Stack trace:
#0 C:\wamp64\www\System\vendor\laravel\framework\src\Illuminate\Database\Connection.php(382): PDO->prepare('delete from `sp...')
#1 C:\wamp64\www\System\vendor\laravel\framework\src\Illuminate\Database\Connection.php(616): Illuminate\Database\Connection->Illuminate\Database\{closure}(Object(Illuminate\Database\MySqlConnection), 'delete from `sp...', Array)
#2 C:\wamp64\www\System\vendor\laravel\framework\src\Illuminate\Database\Connection.php(580): Illuminate\Database\Connection->runQueryCallback('delete from `sp...', Array, Object(Closure))
#3 C:\wamp64\www\System\vendor\laravel\framework\src\Illuminate\Database\Connection.php(387): Illuminate\Database\Connection->run('delete from `sp...', Array, Object(Closure))
#4 C:\wamp64\www\System\vendor\laravel\framework\src\Illuminate\Database\Connection.php(344): Illuminate\Database\Connection->affectingStatement('delete from `sp...', Array)
#5 C:\wamp64\www\System\vendor\laravel\framework\src\Illuminate\Database\Query\Builder.php(1792): Illuminate\Database\Connection->delete('delete from `sp...', Array)
#6 C:\wamp64\www\System\database\seeds\SpecializationTableSeeder.php(10): Illuminate\Database\Query\Builder->delete()
#7 C:\wamp64\www\System\vendor\laravel\framework\src\Illuminate\Database\Seeder.php(40): SpecializationTableSeeder->run()
#8 C:\wamp64\www\System\database\seeds\DatabaseSeeder.php(21): Illuminate\Database\Seeder->call('SpecializationT...')
#9 C:\wamp64\www\System\vendor\laravel\framework\src\Illuminate\Database\Console\SeedCommand.php(57): DatabaseSeeder->run()
#10 [internal function]: Illuminate\Database\Console\SeedCommand->fire()
#11 C:\wamp64\www\System\vendor\laravel\framework\src\Illuminate\Container\Container.php(526): call_user_func_array(Array, Array)
#12 C:\wamp64\www\System\vendor\laravel\framework\src\Illuminate\Console\Command.php(115): Illuminate\Container\Container->call(Array)
#13 C:\wamp64\www\System\vendor\symfony\console\Symfony\Component\Console\Command\Command.php(257): Illuminate\Console\Command->execute(Object(Symfony\Component\Console\Input\ArgvInput), Object(Symfony\Component\Console\Output\ConsoleOutput))
#14 C:\wamp64\www\System\vendor\laravel\framework\src\Illuminate\Console\Command.php(101): Symfony\Component\Console\Command\Command->run(Object(Symfony\Component\Console\Input\ArgvInput), Object(Symfony\Component\Console\Output\ConsoleOutput))
#15 C:\wamp64\www\System\vendor\symfony\console\Symfony\Component\Console\Application.php(874): Illuminate\Console\Command->run(Object(Symfony\Component\Console\Input\ArgvInput), Object(Symfony\Component\Console\Output\ConsoleOutput))
#16 C:\wamp64\www\System\vendor\symfony\console\Symfony\Component\Console\Application.php(195): Symfony\Component\Console\Application->doRunCommand(Object(Illuminate\Database\Console\SeedCommand), Object(Symfony\Component\Console\Input\ArgvInput), Object(Symfony\Component\Console\Output\ConsoleOutput))
#17 C:\wamp64\www\System\vendor\symfony\console\Symfony\Component\Console\Application.php(126): Symfony\Component\Console\Application->doRun(Object(Symfony\Component\Console\Input\ArgvInput), Object(Symfony\Component\Console\Output\ConsoleOutput))
#18 C:\wamp64\www\System\vendor\laravel\framework\src\Illuminate\Foundation\Console\Kernel.php(94): Symfony\Component\Console\Application->run(Object(Symfony\Component\Console\Input\ArgvInput), Object(Symfony\Component\Console\Output\ConsoleOutput))
#19 C:\wamp64\www\System\artisan(36): Illuminate\Foundation\Console\Kernel->handle(Object(Symfony\Component\Console\Input\ArgvInput), Object(Symfony\Component\Console\Output\ConsoleOutput))
#20 {main}

Next exception 'Illuminate\Database\QueryException' with message 'SQLSTATE[42S02]: Base table or view not found: 1146 Table 'ibsinformationsystem.specializations' doesn't exist (SQL: delete from `specializations`)' in C:\wamp64\www\System\vendor\laravel\framework\src\Illuminate\Database\Connection.php:624
Stack trace:
#0 C:\wamp64\www\System\vendor\laravel\framework\src\Illuminate\Database\Connection.php(580): Illuminate\Database\Connection->runQueryCallback('delete from `sp...', Array, Object(Closure))
#1 C:\wamp64\www\System\vendor\laravel\framework\src\Illuminate\Database\Connection.php(387): Illuminate\Database\Connection->run('delete from `sp...', Array, Object(Closure))
#2 C:\wamp64\www\System\vendor\laravel\framework\src\Illuminate\Database\Connection.php(344): Illuminate\Database\Connection->affectingStatement('delete from `sp...', Array)
#3 C:\wamp64\www\System\vendor\laravel\framework\src\Illuminate\Database\Query\Builder.php(1792): Illuminate\Database\Connection->delete('delete from `sp...', Array)
#4 C:\wamp64\www\System\database\seeds\SpecializationTableSeeder.php(10): Illuminate\Database\Query\Builder->delete()
#5 C:\wamp64\www\System\vendor\laravel\framework\src\Illuminate\Database\Seeder.php(40): SpecializationTableSeeder->run()
#6 C:\wamp64\www\System\database\seeds\DatabaseSeeder.php(21): Illuminate\Database\Seeder->call('SpecializationT...')
#7 C:\wamp64\www\System\vendor\laravel\framework\src\Illuminate\Database\Console\SeedCommand.php(57): DatabaseSeeder->run()
#8 [internal function]: Illuminate\Database\Console\SeedCommand->fire()
#9 C:\wamp64\www\System\vendor\laravel\framework\src\Illuminate\Container\Container.php(526): call_user_func_array(Array, Array)
#10 C:\wamp64\www\System\vendor\laravel\framework\src\Illuminate\Console\Command.php(115): Illuminate\Container\Container->call(Array)
#11 C:\wamp64\www\System\vendor\symfony\console\Symfony\Component\Console\Command\Command.php(257): Illuminate\Console\Command->execute(Object(Symfony\Component\Console\Input\ArgvInput), Object(Symfony\Component\Console\Output\ConsoleOutput))
#12 C:\wamp64\www\System\vendor\laravel\framework\src\Illuminate\Console\Command.php(101): Symfony\Component\Console\Command\Command->run(Object(Symfony\Component\Console\Input\ArgvInput), Object(Symfony\Component\Console\Output\ConsoleOutput))
#13 C:\wamp64\www\System\vendor\symfony\console\Symfony\Component\Console\Application.php(874): Illuminate\Console\Command->run(Object(Symfony\Component\Console\Input\ArgvInput), Object(Symfony\Component\Console\Output\ConsoleOutput))
#14 C:\wamp64\www\System\vendor\symfony\console\Symfony\Component\Console\Application.php(195): Symfony\Component\Console\Application->doRunCommand(Object(Illuminate\Database\Console\SeedCommand), Object(Symfony\Component\Console\Input\ArgvInput), Object(Symfony\Component\Console\Output\ConsoleOutput))
#15 C:\wamp64\www\System\vendor\symfony\console\Symfony\Component\Console\Application.php(126): Symfony\Component\Console\Application->doRun(Object(Symfony\Component\Console\Input\ArgvInput), Object(Symfony\Component\Console\Output\ConsoleOutput))
#16 C:\wamp64\www\System\vendor\laravel\framework\src\Illuminate\Foundation\Console\Kernel.php(94): Symfony\Component\Console\Application->run(Object(Symfony\Component\Console\Input\ArgvInput), Object(Symfony\Component\Console\Output\ConsoleOutput))
#17 C:\wamp64\www\System\artisan(36): Illuminate\Foundation\Console\Kernel->handle(Object(Symfony\Component\Console\Input\ArgvInput), Object(Symfony\Component\Console\Output\ConsoleOutput))
#18 {main}  
[2016-06-15 22:48:41] local.ERROR: exception 'PDOException' with message 'SQLSTATE[42S02]: Base table or view not found: 1146 Table 'ibsinformationsystem.courses' doesn't exist' in C:\wamp64\www\System\vendor\laravel\framework\src\Illuminate\Database\Connection.php:382
Stack trace:
#0 C:\wamp64\www\System\vendor\laravel\framework\src\Illuminate\Database\Connection.php(382): PDO->prepare('delete from `co...')
#1 C:\wamp64\www\System\vendor\laravel\framework\src\Illuminate\Database\Connection.php(616): Illuminate\Database\Connection->Illuminate\Database\{closure}(Object(Illuminate\Database\MySqlConnection), 'delete from `co...', Array)
#2 C:\wamp64\www\System\vendor\laravel\framework\src\Illuminate\Database\Connection.php(580): Illuminate\Database\Connection->runQueryCallback('delete from `co...', Array, Object(Closure))
#3 C:\wamp64\www\System\vendor\laravel\framework\src\Illuminate\Database\Connection.php(387): Illuminate\Database\Connection->run('delete from `co...', Array, Object(Closure))
#4 C:\wamp64\www\System\vendor\laravel\framework\src\Illuminate\Database\Connection.php(344): Illuminate\Database\Connection->affectingStatement('delete from `co...', Array)
#5 C:\wamp64\www\System\vendor\laravel\framework\src\Illuminate\Database\Query\Builder.php(1792): Illuminate\Database\Connection->delete('delete from `co...', Array)
#6 C:\wamp64\www\System\database\seeds\CourseTableSeeder.php(10): Illuminate\Database\Query\Builder->delete()
#7 C:\wamp64\www\System\vendor\laravel\framework\src\Illuminate\Database\Seeder.php(40): CourseTableSeeder->run()
#8 C:\wamp64\www\System\database\seeds\DatabaseSeeder.php(22): Illuminate\Database\Seeder->call('CourseTableSeed...')
#9 C:\wamp64\www\System\vendor\laravel\framework\src\Illuminate\Database\Console\SeedCommand.php(57): DatabaseSeeder->run()
#10 [internal function]: Illuminate\Database\Console\SeedCommand->fire()
#11 C:\wamp64\www\System\vendor\laravel\framework\src\Illuminate\Container\Container.php(526): call_user_func_array(Array, Array)
#12 C:\wamp64\www\System\vendor\laravel\framework\src\Illuminate\Console\Command.php(115): Illuminate\Container\Container->call(Array)
#13 C:\wamp64\www\System\vendor\symfony\console\Symfony\Component\Console\Command\Command.php(257): Illuminate\Console\Command->execute(Object(Symfony\Component\Console\Input\ArgvInput), Object(Symfony\Component\Console\Output\ConsoleOutput))
#14 C:\wamp64\www\System\vendor\laravel\framework\src\Illuminate\Console\Command.php(101): Symfony\Component\Console\Command\Command->run(Object(Symfony\Component\Console\Input\ArgvInput), Object(Symfony\Component\Console\Output\ConsoleOutput))
#15 C:\wamp64\www\System\vendor\symfony\console\Symfony\Component\Console\Application.php(874): Illuminate\Console\Command->run(Object(Symfony\Component\Console\Input\ArgvInput), Object(Symfony\Component\Console\Output\ConsoleOutput))
#16 C:\wamp64\www\System\vendor\symfony\console\Symfony\Component\Console\Application.php(195): Symfony\Component\Console\Application->doRunCommand(Object(Illuminate\Database\Console\SeedCommand), Object(Symfony\Component\Console\Input\ArgvInput), Object(Symfony\Component\Console\Output\ConsoleOutput))
#17 C:\wamp64\www\System\vendor\symfony\console\Symfony\Component\Console\Application.php(126): Symfony\Component\Console\Application->doRun(Object(Symfony\Component\Console\Input\ArgvInput), Object(Symfony\Component\Console\Output\ConsoleOutput))
#18 C:\wamp64\www\System\vendor\laravel\framework\src\Illuminate\Foundation\Console\Kernel.php(94): Symfony\Component\Console\Application->run(Object(Symfony\Component\Console\Input\ArgvInput), Object(Symfony\Component\Console\Output\ConsoleOutput))
#19 C:\wamp64\www\System\artisan(36): Illuminate\Foundation\Console\Kernel->handle(Object(Symfony\Component\Console\Input\ArgvInput), Object(Symfony\Component\Console\Output\ConsoleOutput))
#20 {main}

Next exception 'Illuminate\Database\QueryException' with message 'SQLSTATE[42S02]: Base table or view not found: 1146 Table 'ibsinformationsystem.courses' doesn't exist (SQL: delete from `courses`)' in C:\wamp64\www\System\vendor\laravel\framework\src\Illuminate\Database\Connection.php:624
Stack trace:
#0 C:\wamp64\www\System\vendor\laravel\framework\src\Illuminate\Database\Connection.php(580): Illuminate\Database\Connection->runQueryCallback('delete from `co...', Array, Object(Closure))
#1 C:\wamp64\www\System\vendor\laravel\framework\src\Illuminate\Database\Connection.php(387): Illuminate\Database\Connection->run('delete from `co...', Array, Object(Closure))
#2 C:\wamp64\www\System\vendor\laravel\framework\src\Illuminate\Database\Connection.php(344): Illuminate\Database\Connection->affectingStatement('delete from `co...', Array)
#3 C:\wamp64\www\System\vendor\laravel\framework\src\Illuminate\Database\Query\Builder.php(1792): Illuminate\Database\Connection->delete('delete from `co...', Array)
#4 C:\wamp64\www\System\database\seeds\CourseTableSeeder.php(10): Illuminate\Database\Query\Builder->delete()
#5 C:\wamp64\www\System\vendor\laravel\framework\src\Illuminate\Database\Seeder.php(40): CourseTableSeeder->run()
#6 C:\wamp64\www\System\database\seeds\DatabaseSeeder.php(22): Illuminate\Database\Seeder->call('CourseTableSeed...')
#7 C:\wamp64\www\System\vendor\laravel\framework\src\Illuminate\Database\Console\SeedCommand.php(57): DatabaseSeeder->run()
#8 [internal function]: Illuminate\Database\Console\SeedCommand->fire()
#9 C:\wamp64\www\System\vendor\laravel\framework\src\Illuminate\Container\Container.php(526): call_user_func_array(Array, Array)
#10 C:\wamp64\www\System\vendor\laravel\framework\src\Illuminate\Console\Command.php(115): Illuminate\Container\Container->call(Array)
#11 C:\wamp64\www\System\vendor\symfony\console\Symfony\Component\Console\Command\Command.php(257): Illuminate\Console\Command->execute(Object(Symfony\Component\Console\Input\ArgvInput), Object(Symfony\Component\Console\Output\ConsoleOutput))
#12 C:\wamp64\www\System\vendor\laravel\framework\src\Illuminate\Console\Command.php(101): Symfony\Component\Console\Command\Command->run(Object(Symfony\Component\Console\Input\ArgvInput), Object(Symfony\Component\Console\Output\ConsoleOutput))
#13 C:\wamp64\www\System\vendor\symfony\console\Symfony\Component\Console\Application.php(874): Illuminate\Console\Command->run(Object(Symfony\Component\Console\Input\ArgvInput), Object(Symfony\Component\Console\Output\ConsoleOutput))
#14 C:\wamp64\www\System\vendor\symfony\console\Symfony\Component\Console\Application.php(195): Symfony\Component\Console\Application->doRunCommand(Object(Illuminate\Database\Console\SeedCommand), Object(Symfony\Component\Console\Input\ArgvInput), Object(Symfony\Component\Console\Output\ConsoleOutput))
#15 C:\wamp64\www\System\vendor\symfony\console\Symfony\Component\Console\Application.php(126): Symfony\Component\Console\Application->doRun(Object(Symfony\Component\Console\Input\ArgvInput), Object(Symfony\Component\Console\Output\ConsoleOutput))
#16 C:\wamp64\www\System\vendor\laravel\framework\src\Illuminate\Foundation\Console\Kernel.php(94): Symfony\Component\Console\Application->run(Object(Symfony\Component\Console\Input\ArgvInput), Object(Symfony\Component\Console\Output\ConsoleOutput))
#17 C:\wamp64\www\System\artisan(36): Illuminate\Foundation\Console\Kernel->handle(Object(Symfony\Component\Console\Input\ArgvInput), Object(Symfony\Component\Console\Output\ConsoleOutput))
#18 {main}  
[2016-06-15 22:50:45] local.ERROR: exception 'PDOException' with message 'SQLSTATE[42S02]: Base table or view not found: 1146 Table 'ibsinformationsystem.users' doesn't exist' in C:\wamp64\www\System\vendor\laravel\framework\src\Illuminate\Database\Connection.php:382
Stack trace:
#0 C:\wamp64\www\System\vendor\laravel\framework\src\Illuminate\Database\Connection.php(382): PDO->prepare('delete from `us...')
#1 C:\wamp64\www\System\vendor\laravel\framework\src\Illuminate\Database\Connection.php(616): Illuminate\Database\Connection->Illuminate\Database\{closure}(Object(Illuminate\Database\MySqlConnection), 'delete from `us...', Array)
#2 C:\wamp64\www\System\vendor\laravel\framework\src\Illuminate\Database\Connection.php(580): Illuminate\Database\Connection->runQueryCallback('delete from `us...', Array, Object(Closure))
#3 C:\wamp64\www\System\vendor\laravel\framework\src\Illuminate\Database\Connection.php(387): Illuminate\Database\Connection->run('delete from `us...', Array, Object(Closure))
#4 C:\wamp64\www\System\vendor\laravel\framework\src\Illuminate\Database\Connection.php(344): Illuminate\Database\Connection->affectingStatement('delete from `us...', Array)
#5 C:\wamp64\www\System\vendor\laravel\framework\src\Illuminate\Database\Query\Builder.php(1792): Illuminate\Database\Connection->delete('delete from `us...', Array)
#6 C:\wamp64\www\System\database\seeds\UsersTableSeeder.php(13): Illuminate\Database\Query\Builder->delete()
#7 C:\wamp64\www\System\vendor\laravel\framework\src\Illuminate\Database\Seeder.php(40): UsersTableSeeder->run()
#8 C:\wamp64\www\System\database\seeds\DatabaseSeeder.php(23): Illuminate\Database\Seeder->call('UsersTableSeede...')
#9 C:\wamp64\www\System\vendor\laravel\framework\src\Illuminate\Database\Console\SeedCommand.php(57): DatabaseSeeder->run()
#10 [internal function]: Illuminate\Database\Console\SeedCommand->fire()
#11 C:\wamp64\www\System\vendor\laravel\framework\src\Illuminate\Container\Container.php(526): call_user_func_array(Array, Array)
#12 C:\wamp64\www\System\vendor\laravel\framework\src\Illuminate\Console\Command.php(115): Illuminate\Container\Container->call(Array)
#13 C:\wamp64\www\System\vendor\symfony\console\Symfony\Component\Console\Command\Command.php(257): Illuminate\Console\Command->execute(Object(Symfony\Component\Console\Input\ArgvInput), Object(Symfony\Component\Console\Output\ConsoleOutput))
#14 C:\wamp64\www\System\vendor\laravel\framework\src\Illuminate\Console\Command.php(101): Symfony\Component\Console\Command\Command->run(Object(Symfony\Component\Console\Input\ArgvInput), Object(Symfony\Component\Console\Output\ConsoleOutput))
#15 C:\wamp64\www\System\vendor\symfony\console\Symfony\Component\Console\Application.php(874): Illuminate\Console\Command->run(Object(Symfony\Component\Console\Input\ArgvInput), Object(Symfony\Component\Console\Output\ConsoleOutput))
#16 C:\wamp64\www\System\vendor\symfony\console\Symfony\Component\Console\Application.php(195): Symfony\Component\Console\Application->doRunCommand(Object(Illuminate\Database\Console\SeedCommand), Object(Symfony\Component\Console\Input\ArgvInput), Object(Symfony\Component\Console\Output\ConsoleOutput))
#17 C:\wamp64\www\System\vendor\symfony\console\Symfony\Component\Console\Application.php(126): Symfony\Component\Console\Application->doRun(Object(Symfony\Component\Console\Input\ArgvInput), Object(Symfony\Component\Console\Output\ConsoleOutput))
#18 C:\wamp64\www\System\vendor\laravel\framework\src\Illuminate\Foundation\Console\Kernel.php(94): Symfony\Component\Console\Application->run(Object(Symfony\Component\Console\Input\ArgvInput), Object(Symfony\Component\Console\Output\ConsoleOutput))
#19 C:\wamp64\www\System\artisan(36): Illuminate\Foundation\Console\Kernel->handle(Object(Symfony\Component\Console\Input\ArgvInput), Object(Symfony\Component\Console\Output\ConsoleOutput))
#20 {main}

Next exception 'Illuminate\Database\QueryException' with message 'SQLSTATE[42S02]: Base table or view not found: 1146 Table 'ibsinformationsystem.users' doesn't exist (SQL: delete from `users`)' in C:\wamp64\www\System\vendor\laravel\framework\src\Illuminate\Database\Connection.php:624
Stack trace:
#0 C:\wamp64\www\System\vendor\laravel\framework\src\Illuminate\Database\Connection.php(580): Illuminate\Database\Connection->runQueryCallback('delete from `us...', Array, Object(Closure))
#1 C:\wamp64\www\System\vendor\laravel\framework\src\Illuminate\Database\Connection.php(387): Illuminate\Database\Connection->run('delete from `us...', Array, Object(Closure))
#2 C:\wamp64\www\System\vendor\laravel\framework\src\Illuminate\Database\Connection.php(344): Illuminate\Database\Connection->affectingStatement('delete from `us...', Array)
#3 C:\wamp64\www\System\vendor\laravel\framework\src\Illuminate\Database\Query\Builder.php(1792): Illuminate\Database\Connection->delete('delete from `us...', Array)
#4 C:\wamp64\www\System\database\seeds\UsersTableSeeder.php(13): Illuminate\Database\Query\Builder->delete()
#5 C:\wamp64\www\System\vendor\laravel\framework\src\Illuminate\Database\Seeder.php(40): UsersTableSeeder->run()
#6 C:\wamp64\www\System\database\seeds\DatabaseSeeder.php(23): Illuminate\Database\Seeder->call('UsersTableSeede...')
#7 C:\wamp64\www\System\vendor\laravel\framework\src\Illuminate\Database\Console\SeedCommand.php(57): DatabaseSeeder->run()
#8 [internal function]: Illuminate\Database\Console\SeedCommand->fire()
#9 C:\wamp64\www\System\vendor\laravel\framework\src\Illuminate\Container\Container.php(526): call_user_func_array(Array, Array)
#10 C:\wamp64\www\System\vendor\laravel\framework\src\Illuminate\Console\Command.php(115): Illuminate\Container\Container->call(Array)
#11 C:\wamp64\www\System\vendor\symfony\console\Symfony\Component\Console\Command\Command.php(257): Illuminate\Console\Command->execute(Object(Symfony\Component\Console\Input\ArgvInput), Object(Symfony\Component\Console\Output\ConsoleOutput))
#12 C:\wamp64\www\System\vendor\laravel\framework\src\Illuminate\Console\Command.php(101): Symfony\Component\Console\Command\Command->run(Object(Symfony\Component\Console\Input\ArgvInput), Object(Symfony\Component\Console\Output\ConsoleOutput))
#13 C:\wamp64\www\System\vendor\symfony\console\Symfony\Component\Console\Application.php(874): Illuminate\Console\Command->run(Object(Symfony\Component\Console\Input\ArgvInput), Object(Symfony\Component\Console\Output\ConsoleOutput))
#14 C:\wamp64\www\System\vendor\symfony\console\Symfony\Component\Console\Application.php(195): Symfony\Component\Console\Application->doRunCommand(Object(Illuminate\Database\Console\SeedCommand), Object(Symfony\Component\Console\Input\ArgvInput), Object(Symfony\Component\Console\Output\ConsoleOutput))
#15 C:\wamp64\www\System\vendor\symfony\console\Symfony\Component\Console\Application.php(126): Symfony\Component\Console\Application->doRun(Object(Symfony\Component\Console\Input\ArgvInput), Object(Symfony\Component\Console\Output\ConsoleOutput))
#16 C:\wamp64\www\System\vendor\laravel\framework\src\Illuminate\Foundation\Console\Kernel.php(94): Symfony\Component\Console\Application->run(Object(Symfony\Component\Console\Input\ArgvInput), Object(Symfony\Component\Console\Output\ConsoleOutput))
#17 C:\wamp64\www\System\artisan(36): Illuminate\Foundation\Console\Kernel->handle(Object(Symfony\Component\Console\Input\ArgvInput), Object(Symfony\Component\Console\Output\ConsoleOutput))
#18 {main}  
[2016-06-15 22:51:45] local.ERROR: exception 'PDOException' with message 'SQLSTATE[42S22]: Column not found: 1054 Unknown column 'type' in 'field list'' in C:\wamp64\www\System\vendor\laravel\framework\src\Illuminate\Database\Connection.php:362
Stack trace:
#0 C:\wamp64\www\System\vendor\laravel\framework\src\Illuminate\Database\Connection.php(362): PDO->prepare('insert into `us...')
#1 C:\wamp64\www\System\vendor\laravel\framework\src\Illuminate\Database\Connection.php(616): Illuminate\Database\Connection->Illuminate\Database\{closure}(Object(Illuminate\Database\MySqlConnection), 'insert into `us...', Array)
#2 C:\wamp64\www\System\vendor\laravel\framework\src\Illuminate\Database\Connection.php(580): Illuminate\Database\Connection->runQueryCallback('insert into `us...', Array, Object(Closure))
#3 C:\wamp64\www\System\vendor\laravel\framework\src\Illuminate\Database\Connection.php(363): Illuminate\Database\Connection->run('insert into `us...', Array, Object(Closure))
#4 C:\wamp64\www\System\vendor\laravel\framework\src\Illuminate\Database\Connection.php(320): Illuminate\Database\Connection->statement('insert into `us...', Array)
#5 C:\wamp64\www\System\vendor\laravel\framework\src\Illuminate\Database\Query\Builder.php(1709): Illuminate\Database\Connection->insert('insert into `us...', Array)
#6 C:\wamp64\www\System\database\seeds\UsersTableSeeder.php(39): Illuminate\Database\Query\Builder->insert(Array)
#7 C:\wamp64\www\System\vendor\laravel\framework\src\Illuminate\Database\Seeder.php(40): UsersTableSeeder->run()
#8 C:\wamp64\www\System\database\seeds\DatabaseSeeder.php(23): Illuminate\Database\Seeder->call('UsersTableSeede...')
#9 C:\wamp64\www\System\vendor\laravel\framework\src\Illuminate\Database\Console\SeedCommand.php(57): DatabaseSeeder->run()
#10 [internal function]: Illuminate\Database\Console\SeedCommand->fire()
#11 C:\wamp64\www\System\vendor\laravel\framework\src\Illuminate\Container\Container.php(526): call_user_func_array(Array, Array)
#12 C:\wamp64\www\System\vendor\laravel\framework\src\Illuminate\Console\Command.php(115): Illuminate\Container\Container->call(Array)
#13 C:\wamp64\www\System\vendor\symfony\console\Symfony\Component\Console\Command\Command.php(257): Illuminate\Console\Command->execute(Object(Symfony\Component\Console\Input\ArgvInput), Object(Symfony\Component\Console\Output\ConsoleOutput))
#14 C:\wamp64\www\System\vendor\laravel\framework\src\Illuminate\Console\Command.php(101): Symfony\Component\Console\Command\Command->run(Object(Symfony\Component\Console\Input\ArgvInput), Object(Symfony\Component\Console\Output\ConsoleOutput))
#15 C:\wamp64\www\System\vendor\symfony\console\Symfony\Component\Console\Application.php(874): Illuminate\Console\Command->run(Object(Symfony\Component\Console\Input\ArgvInput), Object(Symfony\Component\Console\Output\ConsoleOutput))
#16 C:\wamp64\www\System\vendor\symfony\console\Symfony\Component\Console\Application.php(195): Symfony\Component\Console\Application->doRunCommand(Object(Illuminate\Database\Console\SeedCommand), Object(Symfony\Component\Console\Input\ArgvInput), Object(Symfony\Component\Console\Output\ConsoleOutput))
#17 C:\wamp64\www\System\vendor\symfony\console\Symfony\Component\Console\Application.php(126): Symfony\Component\Console\Application->doRun(Object(Symfony\Component\Console\Input\ArgvInput), Object(Symfony\Component\Console\Output\ConsoleOutput))
#18 C:\wamp64\www\System\vendor\laravel\framework\src\Illuminate\Foundation\Console\Kernel.php(94): Symfony\Component\Console\Application->run(Object(Symfony\Component\Console\Input\ArgvInput), Object(Symfony\Component\Console\Output\ConsoleOutput))
#19 C:\wamp64\www\System\artisan(36): Illuminate\Foundation\Console\Kernel->handle(Object(Symfony\Component\Console\Input\ArgvInput), Object(Symfony\Component\Console\Output\ConsoleOutput))
#20 {main}

Next exception 'Illuminate\Database\QueryException' with message 'SQLSTATE[42S22]: Column not found: 1054 Unknown column 'type' in 'field list' (SQL: insert into `users` (`employeeNum`, `password`, `type`, `username`) values (201211111, yZIWCI3zBBK0CFd6wK9LbupsDeKrHY99j4vvIXI8RO2aPRwu685ku, 2, crissapilien), (201222222, y$d.VOx/PTRktgAV9N5v9PeOA/89aptj05.WDZB7vZkQriROJiNzBLm, 2, kdartificio), (101, y$QeB6sE8H.E65OzsdS0/E9eYsNfoM.kE6Is14xH6FXD/neRxsLqh9O, 1, ijaguila), (140, y$B5qr6eIt1D3595AbLPTHlutstKyaF1Wyz3WijuFoBY8NnJw8LUZzy, 0, mbbderobles))' in C:\wamp64\www\System\vendor\laravel\framework\src\Illuminate\Database\Connection.php:624
Stack trace:
#0 C:\wamp64\www\System\vendor\laravel\framework\src\Illuminate\Database\Connection.php(580): Illuminate\Database\Connection->runQueryCallback('insert into `us...', Array, Object(Closure))
#1 C:\wamp64\www\System\vendor\laravel\framework\src\Illuminate\Database\Connection.php(363): Illuminate\Database\Connection->run('insert into `us...', Array, Object(Closure))
#2 C:\wamp64\www\System\vendor\laravel\framework\src\Illuminate\Database\Connection.php(320): Illuminate\Database\Connection->statement('insert into `us...', Array)
#3 C:\wamp64\www\System\vendor\laravel\framework\src\Illuminate\Database\Query\Builder.php(1709): Illuminate\Database\Connection->insert('insert into `us...', Array)
#4 C:\wamp64\www\System\database\seeds\UsersTableSeeder.php(39): Illuminate\Database\Query\Builder->insert(Array)
#5 C:\wamp64\www\System\vendor\laravel\framework\src\Illuminate\Database\Seeder.php(40): UsersTableSeeder->run()
#6 C:\wamp64\www\System\database\seeds\DatabaseSeeder.php(23): Illuminate\Database\Seeder->call('UsersTableSeede...')
#7 C:\wamp64\www\System\vendor\laravel\framework\src\Illuminate\Database\Console\SeedCommand.php(57): DatabaseSeeder->run()
#8 [internal function]: Illuminate\Database\Console\SeedCommand->fire()
#9 C:\wamp64\www\System\vendor\laravel\framework\src\Illuminate\Container\Container.php(526): call_user_func_array(Array, Array)
#10 C:\wamp64\www\System\vendor\laravel\framework\src\Illuminate\Console\Command.php(115): Illuminate\Container\Container->call(Array)
#11 C:\wamp64\www\System\vendor\symfony\console\Symfony\Component\Console\Command\Command.php(257): Illuminate\Console\Command->execute(Object(Symfony\Component\Console\Input\ArgvInput), Object(Symfony\Component\Console\Output\ConsoleOutput))
#12 C:\wamp64\www\System\vendor\laravel\framework\src\Illuminate\Console\Command.php(101): Symfony\Component\Console\Command\Command->run(Object(Symfony\Component\Console\Input\ArgvInput), Object(Symfony\Component\Console\Output\ConsoleOutput))
#13 C:\wamp64\www\System\vendor\symfony\console\Symfony\Component\Console\Application.php(874): Illuminate\Console\Command->run(Object(Symfony\Component\Console\Input\ArgvInput), Object(Symfony\Component\Console\Output\ConsoleOutput))
#14 C:\wamp64\www\System\vendor\symfony\console\Symfony\Component\Console\Application.php(195): Symfony\Component\Console\Application->doRunCommand(Object(Illuminate\Database\Console\SeedCommand), Object(Symfony\Component\Console\Input\ArgvInput), Object(Symfony\Component\Console\Output\ConsoleOutput))
#15 C:\wamp64\www\System\vendor\symfony\console\Symfony\Component\Console\Application.php(126): Symfony\Component\Console\Application->doRun(Object(Symfony\Component\Console\Input\ArgvInput), Object(Symfony\Component\Console\Output\ConsoleOutput))
#16 C:\wamp64\www\System\vendor\laravel\framework\src\Illuminate\Foundation\Console\Kernel.php(94): Symfony\Component\Console\Application->run(Object(Symfony\Component\Console\Input\ArgvInput), Object(Symfony\Component\Console\Output\ConsoleOutput))
#17 C:\wamp64\www\System\artisan(36): Illuminate\Foundation\Console\Kernel->handle(Object(Symfony\Component\Console\Input\ArgvInput), Object(Symfony\Component\Console\Output\ConsoleOutput))
#18 {main}  
[2016-06-15 23:03:01] local.ERROR: exception 'Symfony\Component\Debug\Exception\FatalErrorException' with message 'Class 'Way\Generators\GeneratorsServiceProvider::class' not found' in C:\wamp64\www\System\vendor\laravel\framework\src\Illuminate\Foundation\ProviderRepository.php:150
Stack trace:
#0 C:\wamp64\www\System\vendor\laravel\framework\src\Illuminate\Foundation\Bootstrap\HandleExceptions.php(131): Symfony\Component\Debug\Exception\FatalErrorException->__construct()
#1 C:\wamp64\www\System\vendor\laravel\framework\src\Illuminate\Foundation\Bootstrap\HandleExceptions.php(116): Illuminate\Foundation\Bootstrap\HandleExceptions->fatalExceptionFromError()
#2 C:\wamp64\www\System\vendor\laravel\framework\src\Illuminate\Foundation\Bootstrap\HandleExceptions.php(0): Illuminate\Foundation\Bootstrap\HandleExceptions->handleShutdown()
#3 C:\wamp64\www\System\vendor\laravel\framework\src\Illuminate\Foundation\ProviderRepository.php(115): Illuminate\Foundation\ProviderRepository->createProvider()
#4 C:\wamp64\www\System\vendor\laravel\framework\src\Illuminate\Foundation\ProviderRepository.php(59): Illuminate\Foundation\ProviderRepository->compileManifest()
#5 C:\wamp64\www\System\vendor\laravel\framework\src\Illuminate\Foundation\Application.php(468): Illuminate\Foundation\ProviderRepository->load()
#6 C:\wamp64\www\System\vendor\laravel\framework\src\Illuminate\Foundation\Bootstrap\RegisterProviders.php(15): Illuminate\Foundation\Application->registerConfiguredProviders()
#7 C:\wamp64\www\System\vendor\laravel\framework\src\Illuminate\Foundation\Application.php(183): Illuminate\Foundation\Bootstrap\RegisterProviders->bootstrap()
#8 C:\wamp64\www\System\vendor\laravel\framework\src\Illuminate\Foundation\Http\Kernel.php(199): Illuminate\Foundation\Application->bootstrapWith()
#9 C:\wamp64\www\System\vendor\laravel\framework\src\Illuminate\Foundation\Http\Kernel.php(110): Illuminate\Foundation\Http\Kernel->bootstrap()
#10 C:\wamp64\www\System\vendor\laravel\framework\src\Illuminate\Foundation\Http\Kernel.php(84): Illuminate\Foundation\Http\Kernel->sendRequestThroughRouter()
#11 C:\wamp64\www\System\public\index.php(53): Illuminate\Foundation\Http\Kernel->handle()
#12 C:\wamp64\www\System\public\index.php(0): {main}()
#13 {main}  
[2016-06-15 23:56:00] local.ERROR: exception 'Symfony\Component\Debug\Exception\FatalErrorException' with message 'Class 'Way\Generators\GeneratorsServiceProvider::class' not found' in C:\wamp64\www\System\vendor\laravel\framework\src\Illuminate\Foundation\ProviderRepository.php:150
Stack trace:
#0 {main}  
[2016-06-15 23:56:20] local.ERROR: exception 'Symfony\Component\Debug\Exception\FatalErrorException' with message 'Class 'Way\Generators\GeneratorsServiceProvider::class' not found' in C:\wamp64\www\System\vendor\laravel\framework\src\Illuminate\Foundation\ProviderRepository.php:150
Stack trace:
#0 C:\wamp64\www\System\vendor\laravel\framework\src\Illuminate\Foundation\Bootstrap\HandleExceptions.php(131): Symfony\Component\Debug\Exception\FatalErrorException->__construct()
#1 C:\wamp64\www\System\vendor\laravel\framework\src\Illuminate\Foundation\Bootstrap\HandleExceptions.php(116): Illuminate\Foundation\Bootstrap\HandleExceptions->fatalExceptionFromError()
#2 C:\wamp64\www\System\vendor\laravel\framework\src\Illuminate\Foundation\Bootstrap\HandleExceptions.php(0): Illuminate\Foundation\Bootstrap\HandleExceptions->handleShutdown()
#3 C:\wamp64\www\System\vendor\laravel\framework\src\Illuminate\Foundation\ProviderRepository.php(115): Illuminate\Foundation\ProviderRepository->createProvider()
#4 C:\wamp64\www\System\vendor\laravel\framework\src\Illuminate\Foundation\ProviderRepository.php(59): Illuminate\Foundation\ProviderRepository->compileManifest()
#5 C:\wamp64\www\System\vendor\laravel\framework\src\Illuminate\Foundation\Application.php(468): Illuminate\Foundation\ProviderRepository->load()
#6 C:\wamp64\www\System\vendor\laravel\framework\src\Illuminate\Foundation\Bootstrap\RegisterProviders.php(15): Illuminate\Foundation\Application->registerConfiguredProviders()
#7 C:\wamp64\www\System\vendor\laravel\framework\src\Illuminate\Foundation\Application.php(183): Illuminate\Foundation\Bootstrap\RegisterProviders->bootstrap()
#8 C:\wamp64\www\System\vendor\laravel\framework\src\Illuminate\Foundation\Http\Kernel.php(199): Illuminate\Foundation\Application->bootstrapWith()
#9 C:\wamp64\www\System\vendor\laravel\framework\src\Illuminate\Foundation\Http\Kernel.php(110): Illuminate\Foundation\Http\Kernel->bootstrap()
#10 C:\wamp64\www\System\vendor\laravel\framework\src\Illuminate\Foundation\Http\Kernel.php(84): Illuminate\Foundation\Http\Kernel->sendRequestThroughRouter()
#11 C:\wamp64\www\System\public\index.php(53): Illuminate\Foundation\Http\Kernel->handle()
#12 C:\wamp64\www\System\public\index.php(0): {main}()
#13 {main}  
[2016-06-15 23:56:31] local.ERROR: exception 'Symfony\Component\Debug\Exception\FatalErrorException' with message 'Class 'Way\Generators\GeneratorsServiceProvider::class' not found' in C:\wamp64\www\System\vendor\laravel\framework\src\Illuminate\Foundation\ProviderRepository.php:150
Stack trace:
#0 C:\wamp64\www\System\vendor\laravel\framework\src\Illuminate\Foundation\Bootstrap\HandleExceptions.php(131): Symfony\Component\Debug\Exception\FatalErrorException->__construct()
#1 C:\wamp64\www\System\vendor\laravel\framework\src\Illuminate\Foundation\Bootstrap\HandleExceptions.php(116): Illuminate\Foundation\Bootstrap\HandleExceptions->fatalExceptionFromError()
#2 C:\wamp64\www\System\vendor\laravel\framework\src\Illuminate\Foundation\Bootstrap\HandleExceptions.php(0): Illuminate\Foundation\Bootstrap\HandleExceptions->handleShutdown()
#3 C:\wamp64\www\System\vendor\laravel\framework\src\Illuminate\Foundation\ProviderRepository.php(115): Illuminate\Foundation\ProviderRepository->createProvider()
#4 C:\wamp64\www\System\vendor\laravel\framework\src\Illuminate\Foundation\ProviderRepository.php(59): Illuminate\Foundation\ProviderRepository->compileManifest()
#5 C:\wamp64\www\System\vendor\laravel\framework\src\Illuminate\Foundation\Application.php(468): Illuminate\Foundation\ProviderRepository->load()
#6 C:\wamp64\www\System\vendor\laravel\framework\src\Illuminate\Foundation\Bootstrap\RegisterProviders.php(15): Illuminate\Foundation\Application->registerConfiguredProviders()
#7 C:\wamp64\www\System\vendor\laravel\framework\src\Illuminate\Foundation\Application.php(183): Illuminate\Foundation\Bootstrap\RegisterProviders->bootstrap()
#8 C:\wamp64\www\System\vendor\laravel\framework\src\Illuminate\Foundation\Http\Kernel.php(199): Illuminate\Foundation\Application->bootstrapWith()
#9 C:\wamp64\www\System\vendor\laravel\framework\src\Illuminate\Foundation\Http\Kernel.php(110): Illuminate\Foundation\Http\Kernel->bootstrap()
#10 C:\wamp64\www\System\vendor\laravel\framework\src\Illuminate\Foundation\Http\Kernel.php(84): Illuminate\Foundation\Http\Kernel->sendRequestThroughRouter()
#11 C:\wamp64\www\System\public\index.php(53): Illuminate\Foundation\Http\Kernel->handle()
#12 C:\wamp64\www\System\public\index.php(0): {main}()
#13 {main}  
[2016-06-15 23:58:15] local.ERROR: exception 'Symfony\Component\Debug\Exception\FatalErrorException' with message 'Class 'Way\Generators\GeneratorsServiceProvider' not found' in C:\wamp64\www\System\vendor\laravel\framework\src\Illuminate\Foundation\ProviderRepository.php:150
Stack trace:
#0 C:\wamp64\www\System\vendor\laravel\framework\src\Illuminate\Foundation\Bootstrap\HandleExceptions.php(131): Symfony\Component\Debug\Exception\FatalErrorException->__construct()
#1 C:\wamp64\www\System\vendor\laravel\framework\src\Illuminate\Foundation\Bootstrap\HandleExceptions.php(116): Illuminate\Foundation\Bootstrap\HandleExceptions->fatalExceptionFromError()
#2 C:\wamp64\www\System\vendor\laravel\framework\src\Illuminate\Foundation\Bootstrap\HandleExceptions.php(0): Illuminate\Foundation\Bootstrap\HandleExceptions->handleShutdown()
#3 C:\wamp64\www\System\vendor\laravel\framework\src\Illuminate\Foundation\ProviderRepository.php(115): Illuminate\Foundation\ProviderRepository->createProvider()
#4 C:\wamp64\www\System\vendor\laravel\framework\src\Illuminate\Foundation\ProviderRepository.php(59): Illuminate\Foundation\ProviderRepository->compileManifest()
#5 C:\wamp64\www\System\vendor\laravel\framework\src\Illuminate\Foundation\Application.php(468): Illuminate\Foundation\ProviderRepository->load()
#6 C:\wamp64\www\System\vendor\laravel\framework\src\Illuminate\Foundation\Bootstrap\RegisterProviders.php(15): Illuminate\Foundation\Application->registerConfiguredProviders()
#7 C:\wamp64\www\System\vendor\laravel\framework\src\Illuminate\Foundation\Application.php(183): Illuminate\Foundation\Bootstrap\RegisterProviders->bootstrap()
#8 C:\wamp64\www\System\vendor\laravel\framework\src\Illuminate\Foundation\Http\Kernel.php(199): Illuminate\Foundation\Application->bootstrapWith()
#9 C:\wamp64\www\System\vendor\laravel\framework\src\Illuminate\Foundation\Http\Kernel.php(110): Illuminate\Foundation\Http\Kernel->bootstrap()
#10 C:\wamp64\www\System\vendor\laravel\framework\src\Illuminate\Foundation\Http\Kernel.php(84): Illuminate\Foundation\Http\Kernel->sendRequestThroughRouter()
#11 C:\wamp64\www\System\public\index.php(53): Illuminate\Foundation\Http\Kernel->handle()
#12 C:\wamp64\www\System\public\index.php(0): {main}()
#13 {main}  
[2016-06-15 23:58:18] local.ERROR: exception 'Symfony\Component\Debug\Exception\FatalErrorException' with message 'Class 'Way\Generators\GeneratorsServiceProvider' not found' in C:\wamp64\www\System\vendor\laravel\framework\src\Illuminate\Foundation\ProviderRepository.php:150
Stack trace:
#0 C:\wamp64\www\System\vendor\laravel\framework\src\Illuminate\Foundation\Bootstrap\HandleExceptions.php(131): Symfony\Component\Debug\Exception\FatalErrorException->__construct()
#1 C:\wamp64\www\System\vendor\laravel\framework\src\Illuminate\Foundation\Bootstrap\HandleExceptions.php(116): Illuminate\Foundation\Bootstrap\HandleExceptions->fatalExceptionFromError()
#2 C:\wamp64\www\System\vendor\laravel\framework\src\Illuminate\Foundation\Bootstrap\HandleExceptions.php(0): Illuminate\Foundation\Bootstrap\HandleExceptions->handleShutdown()
#3 C:\wamp64\www\System\vendor\laravel\framework\src\Illuminate\Foundation\ProviderRepository.php(115): Illuminate\Foundation\ProviderRepository->createProvider()
#4 C:\wamp64\www\System\vendor\laravel\framework\src\Illuminate\Foundation\ProviderRepository.php(59): Illuminate\Foundation\ProviderRepository->compileManifest()
#5 C:\wamp64\www\System\vendor\laravel\framework\src\Illuminate\Foundation\Application.php(468): Illuminate\Foundation\ProviderRepository->load()
#6 C:\wamp64\www\System\vendor\laravel\framework\src\Illuminate\Foundation\Bootstrap\RegisterProviders.php(15): Illuminate\Foundation\Application->registerConfiguredProviders()
#7 C:\wamp64\www\System\vendor\laravel\framework\src\Illuminate\Foundation\Application.php(183): Illuminate\Foundation\Bootstrap\RegisterProviders->bootstrap()
#8 C:\wamp64\www\System\vendor\laravel\framework\src\Illuminate\Foundation\Http\Kernel.php(199): Illuminate\Foundation\Application->bootstrapWith()
#9 C:\wamp64\www\System\vendor\laravel\framework\src\Illuminate\Foundation\Http\Kernel.php(110): Illuminate\Foundation\Http\Kernel->bootstrap()
#10 C:\wamp64\www\System\vendor\laravel\framework\src\Illuminate\Foundation\Http\Kernel.php(84): Illuminate\Foundation\Http\Kernel->sendRequestThroughRouter()
#11 C:\wamp64\www\System\public\index.php(53): Illuminate\Foundation\Http\Kernel->handle()
#12 C:\wamp64\www\System\public\index.php(0): {main}()
#13 {main}  
[2016-06-15 23:58:20] local.ERROR: exception 'Symfony\Component\Debug\Exception\FatalErrorException' with message 'Class 'Way\Generators\GeneratorsServiceProvider' not found' in C:\wamp64\www\System\vendor\laravel\framework\src\Illuminate\Foundation\ProviderRepository.php:150
Stack trace:
#0 C:\wamp64\www\System\vendor\laravel\framework\src\Illuminate\Foundation\Bootstrap\HandleExceptions.php(131): Symfony\Component\Debug\Exception\FatalErrorException->__construct()
#1 C:\wamp64\www\System\vendor\laravel\framework\src\Illuminate\Foundation\Bootstrap\HandleExceptions.php(116): Illuminate\Foundation\Bootstrap\HandleExceptions->fatalExceptionFromError()
#2 C:\wamp64\www\System\vendor\laravel\framework\src\Illuminate\Foundation\Bootstrap\HandleExceptions.php(0): Illuminate\Foundation\Bootstrap\HandleExceptions->handleShutdown()
#3 C:\wamp64\www\System\vendor\laravel\framework\src\Illuminate\Foundation\ProviderRepository.php(115): Illuminate\Foundation\ProviderRepository->createProvider()
#4 C:\wamp64\www\System\vendor\laravel\framework\src\Illuminate\Foundation\ProviderRepository.php(59): Illuminate\Foundation\ProviderRepository->compileManifest()
#5 C:\wamp64\www\System\vendor\laravel\framework\src\Illuminate\Foundation\Application.php(468): Illuminate\Foundation\ProviderRepository->load()
#6 C:\wamp64\www\System\vendor\laravel\framework\src\Illuminate\Foundation\Bootstrap\RegisterProviders.php(15): Illuminate\Foundation\Application->registerConfiguredProviders()
#7 C:\wamp64\www\System\vendor\laravel\framework\src\Illuminate\Foundation\Application.php(183): Illuminate\Foundation\Bootstrap\RegisterProviders->bootstrap()
#8 C:\wamp64\www\System\vendor\laravel\framework\src\Illuminate\Foundation\Http\Kernel.php(199): Illuminate\Foundation\Application->bootstrapWith()
#9 C:\wamp64\www\System\vendor\laravel\framework\src\Illuminate\Foundation\Http\Kernel.php(110): Illuminate\Foundation\Http\Kernel->bootstrap()
#10 C:\wamp64\www\System\vendor\laravel\framework\src\Illuminate\Foundation\Http\Kernel.php(84): Illuminate\Foundation\Http\Kernel->sendRequestThroughRouter()
#11 C:\wamp64\www\System\public\index.php(53): Illuminate\Foundation\Http\Kernel->handle()
#12 C:\wamp64\www\System\public\index.php(0): {main}()
#13 {main}  
[2016-06-15 23:59:42] local.ERROR: exception 'Symfony\Component\Debug\Exception\FatalErrorException' with message 'Class 'Way\Generators\GeneratorsServiceProvider' not found' in C:\wamp64\www\System\vendor\laravel\framework\src\Illuminate\Foundation\ProviderRepository.php:150
Stack trace:
#0 C:\wamp64\www\System\vendor\laravel\framework\src\Illuminate\Foundation\Bootstrap\HandleExceptions.php(131): Symfony\Component\Debug\Exception\FatalErrorException->__construct()
#1 C:\wamp64\www\System\vendor\laravel\framework\src\Illuminate\Foundation\Bootstrap\HandleExceptions.php(116): Illuminate\Foundation\Bootstrap\HandleExceptions->fatalExceptionFromError()
#2 C:\wamp64\www\System\vendor\laravel\framework\src\Illuminate\Foundation\Bootstrap\HandleExceptions.php(0): Illuminate\Foundation\Bootstrap\HandleExceptions->handleShutdown()
#3 C:\wamp64\www\System\vendor\laravel\framework\src\Illuminate\Foundation\ProviderRepository.php(115): Illuminate\Foundation\ProviderRepository->createProvider()
#4 C:\wamp64\www\System\vendor\laravel\framework\src\Illuminate\Foundation\ProviderRepository.php(59): Illuminate\Foundation\ProviderRepository->compileManifest()
#5 C:\wamp64\www\System\vendor\laravel\framework\src\Illuminate\Foundation\Application.php(468): Illuminate\Foundation\ProviderRepository->load()
#6 C:\wamp64\www\System\vendor\laravel\framework\src\Illuminate\Foundation\Bootstrap\RegisterProviders.php(15): Illuminate\Foundation\Application->registerConfiguredProviders()
#7 C:\wamp64\www\System\vendor\laravel\framework\src\Illuminate\Foundation\Application.php(183): Illuminate\Foundation\Bootstrap\RegisterProviders->bootstrap()
#8 C:\wamp64\www\System\vendor\laravel\framework\src\Illuminate\Foundation\Http\Kernel.php(199): Illuminate\Foundation\Application->bootstrapWith()
#9 C:\wamp64\www\System\vendor\laravel\framework\src\Illuminate\Foundation\Http\Kernel.php(110): Illuminate\Foundation\Http\Kernel->bootstrap()
#10 C:\wamp64\www\System\vendor\laravel\framework\src\Illuminate\Foundation\Http\Kernel.php(84): Illuminate\Foundation\Http\Kernel->sendRequestThroughRouter()
#11 C:\wamp64\www\System\public\index.php(53): Illuminate\Foundation\Http\Kernel->handle()
#12 C:\wamp64\www\System\public\index.php(0): {main}()
#13 {main}  
[2016-06-15 23:59:43] local.ERROR: exception 'Symfony\Component\Debug\Exception\FatalErrorException' with message 'Class 'Way\Generators\GeneratorsServiceProvider' not found' in C:\wamp64\www\System\vendor\laravel\framework\src\Illuminate\Foundation\ProviderRepository.php:150
Stack trace:
#0 C:\wamp64\www\System\vendor\laravel\framework\src\Illuminate\Foundation\Bootstrap\HandleExceptions.php(131): Symfony\Component\Debug\Exception\FatalErrorException->__construct()
#1 C:\wamp64\www\System\vendor\laravel\framework\src\Illuminate\Foundation\Bootstrap\HandleExceptions.php(116): Illuminate\Foundation\Bootstrap\HandleExceptions->fatalExceptionFromError()
#2 C:\wamp64\www\System\vendor\laravel\framework\src\Illuminate\Foundation\Bootstrap\HandleExceptions.php(0): Illuminate\Foundation\Bootstrap\HandleExceptions->handleShutdown()
#3 C:\wamp64\www\System\vendor\laravel\framework\src\Illuminate\Foundation\ProviderRepository.php(115): Illuminate\Foundation\ProviderRepository->createProvider()
#4 C:\wamp64\www\System\vendor\laravel\framework\src\Illuminate\Foundation\ProviderRepository.php(59): Illuminate\Foundation\ProviderRepository->compileManifest()
#5 C:\wamp64\www\System\vendor\laravel\framework\src\Illuminate\Foundation\Application.php(468): Illuminate\Foundation\ProviderRepository->load()
#6 C:\wamp64\www\System\vendor\laravel\framework\src\Illuminate\Foundation\Bootstrap\RegisterProviders.php(15): Illuminate\Foundation\Application->registerConfiguredProviders()
#7 C:\wamp64\www\System\vendor\laravel\framework\src\Illuminate\Foundation\Application.php(183): Illuminate\Foundation\Bootstrap\RegisterProviders->bootstrap()
#8 C:\wamp64\www\System\vendor\laravel\framework\src\Illuminate\Foundation\Http\Kernel.php(199): Illuminate\Foundation\Application->bootstrapWith()
#9 C:\wamp64\www\System\vendor\laravel\framework\src\Illuminate\Foundation\Http\Kernel.php(110): Illuminate\Foundation\Http\Kernel->bootstrap()
#10 C:\wamp64\www\System\vendor\laravel\framework\src\Illuminate\Foundation\Http\Kernel.php(84): Illuminate\Foundation\Http\Kernel->sendRequestThroughRouter()
#11 C:\wamp64\www\System\public\index.php(53): Illuminate\Foundation\Http\Kernel->handle()
#12 C:\wamp64\www\System\public\index.php(0): {main}()
#13 {main}  
[2016-06-15 23:59:46] local.ERROR: exception 'Symfony\Component\Debug\Exception\FatalErrorException' with message 'Class 'Way\Generators\GeneratorsServiceProvider' not found' in C:\wamp64\www\System\vendor\laravel\framework\src\Illuminate\Foundation\ProviderRepository.php:150
Stack trace:
#0 C:\wamp64\www\System\vendor\laravel\framework\src\Illuminate\Foundation\Bootstrap\HandleExceptions.php(131): Symfony\Component\Debug\Exception\FatalErrorException->__construct()
#1 C:\wamp64\www\System\vendor\laravel\framework\src\Illuminate\Foundation\Bootstrap\HandleExceptions.php(116): Illuminate\Foundation\Bootstrap\HandleExceptions->fatalExceptionFromError()
#2 C:\wamp64\www\System\vendor\laravel\framework\src\Illuminate\Foundation\Bootstrap\HandleExceptions.php(0): Illuminate\Foundation\Bootstrap\HandleExceptions->handleShutdown()
#3 C:\wamp64\www\System\vendor\laravel\framework\src\Illuminate\Foundation\ProviderRepository.php(115): Illuminate\Foundation\ProviderRepository->createProvider()
#4 C:\wamp64\www\System\vendor\laravel\framework\src\Illuminate\Foundation\ProviderRepository.php(59): Illuminate\Foundation\ProviderRepository->compileManifest()
#5 C:\wamp64\www\System\vendor\laravel\framework\src\Illuminate\Foundation\Application.php(468): Illuminate\Foundation\ProviderRepository->load()
#6 C:\wamp64\www\System\vendor\laravel\framework\src\Illuminate\Foundation\Bootstrap\RegisterProviders.php(15): Illuminate\Foundation\Application->registerConfiguredProviders()
#7 C:\wamp64\www\System\vendor\laravel\framework\src\Illuminate\Foundation\Application.php(183): Illuminate\Foundation\Bootstrap\RegisterProviders->bootstrap()
#8 C:\wamp64\www\System\vendor\laravel\framework\src\Illuminate\Foundation\Http\Kernel.php(199): Illuminate\Foundation\Application->bootstrapWith()
#9 C:\wamp64\www\System\vendor\laravel\framework\src\Illuminate\Foundation\Http\Kernel.php(110): Illuminate\Foundation\Http\Kernel->bootstrap()
#10 C:\wamp64\www\System\vendor\laravel\framework\src\Illuminate\Foundation\Http\Kernel.php(84): Illuminate\Foundation\Http\Kernel->sendRequestThroughRouter()
#11 C:\wamp64\www\System\public\index.php(53): Illuminate\Foundation\Http\Kernel->handle()
#12 C:\wamp64\www\System\public\index.php(0): {main}()
#13 {main}  
[2016-06-15 23:59:47] local.ERROR: exception 'Symfony\Component\Debug\Exception\FatalErrorException' with message 'Class 'Way\Generators\GeneratorsServiceProvider' not found' in C:\wamp64\www\System\vendor\laravel\framework\src\Illuminate\Foundation\ProviderRepository.php:150
Stack trace:
#0 C:\wamp64\www\System\vendor\laravel\framework\src\Illuminate\Foundation\Bootstrap\HandleExceptions.php(131): Symfony\Component\Debug\Exception\FatalErrorException->__construct()
#1 C:\wamp64\www\System\vendor\laravel\framework\src\Illuminate\Foundation\Bootstrap\HandleExceptions.php(116): Illuminate\Foundation\Bootstrap\HandleExceptions->fatalExceptionFromError()
#2 C:\wamp64\www\System\vendor\laravel\framework\src\Illuminate\Foundation\Bootstrap\HandleExceptions.php(0): Illuminate\Foundation\Bootstrap\HandleExceptions->handleShutdown()
#3 C:\wamp64\www\System\vendor\laravel\framework\src\Illuminate\Foundation\ProviderRepository.php(115): Illuminate\Foundation\ProviderRepository->createProvider()
#4 C:\wamp64\www\System\vendor\laravel\framework\src\Illuminate\Foundation\ProviderRepository.php(59): Illuminate\Foundation\ProviderRepository->compileManifest()
#5 C:\wamp64\www\System\vendor\laravel\framework\src\Illuminate\Foundation\Application.php(468): Illuminate\Foundation\ProviderRepository->load()
#6 C:\wamp64\www\System\vendor\laravel\framework\src\Illuminate\Foundation\Bootstrap\RegisterProviders.php(15): Illuminate\Foundation\Application->registerConfiguredProviders()
#7 C:\wamp64\www\System\vendor\laravel\framework\src\Illuminate\Foundation\Application.php(183): Illuminate\Foundation\Bootstrap\RegisterProviders->bootstrap()
#8 C:\wamp64\www\System\vendor\laravel\framework\src\Illuminate\Foundation\Http\Kernel.php(199): Illuminate\Foundation\Application->bootstrapWith()
#9 C:\wamp64\www\System\vendor\laravel\framework\src\Illuminate\Foundation\Http\Kernel.php(110): Illuminate\Foundation\Http\Kernel->bootstrap()
#10 C:\wamp64\www\System\vendor\laravel\framework\src\Illuminate\Foundation\Http\Kernel.php(84): Illuminate\Foundation\Http\Kernel->sendRequestThroughRouter()
#11 C:\wamp64\www\System\public\index.php(53): Illuminate\Foundation\Http\Kernel->handle()
#12 C:\wamp64\www\System\public\index.php(0): {main}()
#13 {main}  
[2016-06-15 23:59:48] local.ERROR: exception 'Symfony\Component\Debug\Exception\FatalErrorException' with message 'Class 'Way\Generators\GeneratorsServiceProvider' not found' in C:\wamp64\www\System\vendor\laravel\framework\src\Illuminate\Foundation\ProviderRepository.php:150
Stack trace:
#0 C:\wamp64\www\System\vendor\laravel\framework\src\Illuminate\Foundation\Bootstrap\HandleExceptions.php(131): Symfony\Component\Debug\Exception\FatalErrorException->__construct()
#1 C:\wamp64\www\System\vendor\laravel\framework\src\Illuminate\Foundation\Bootstrap\HandleExceptions.php(116): Illuminate\Foundation\Bootstrap\HandleExceptions->fatalExceptionFromError()
#2 C:\wamp64\www\System\vendor\laravel\framework\src\Illuminate\Foundation\Bootstrap\HandleExceptions.php(0): Illuminate\Foundation\Bootstrap\HandleExceptions->handleShutdown()
#3 C:\wamp64\www\System\vendor\laravel\framework\src\Illuminate\Foundation\ProviderRepository.php(115): Illuminate\Foundation\ProviderRepository->createProvider()
#4 C:\wamp64\www\System\vendor\laravel\framework\src\Illuminate\Foundation\ProviderRepository.php(59): Illuminate\Foundation\ProviderRepository->compileManifest()
#5 C:\wamp64\www\System\vendor\laravel\framework\src\Illuminate\Foundation\Application.php(468): Illuminate\Foundation\ProviderRepository->load()
#6 C:\wamp64\www\System\vendor\laravel\framework\src\Illuminate\Foundation\Bootstrap\RegisterProviders.php(15): Illuminate\Foundation\Application->registerConfiguredProviders()
#7 C:\wamp64\www\System\vendor\laravel\framework\src\Illuminate\Foundation\Application.php(183): Illuminate\Foundation\Bootstrap\RegisterProviders->bootstrap()
#8 C:\wamp64\www\System\vendor\laravel\framework\src\Illuminate\Foundation\Http\Kernel.php(199): Illuminate\Foundation\Application->bootstrapWith()
#9 C:\wamp64\www\System\vendor\laravel\framework\src\Illuminate\Foundation\Http\Kernel.php(110): Illuminate\Foundation\Http\Kernel->bootstrap()
#10 C:\wamp64\www\System\vendor\laravel\framework\src\Illuminate\Foundation\Http\Kernel.php(84): Illuminate\Foundation\Http\Kernel->sendRequestThroughRouter()
#11 C:\wamp64\www\System\public\index.php(53): Illuminate\Foundation\Http\Kernel->handle()
#12 C:\wamp64\www\System\public\index.php(0): {main}()
#13 {main}  
[2016-06-15 23:59:48] local.ERROR: exception 'Symfony\Component\Debug\Exception\FatalErrorException' with message 'Class 'Way\Generators\GeneratorsServiceProvider' not found' in C:\wamp64\www\System\vendor\laravel\framework\src\Illuminate\Foundation\ProviderRepository.php:150
Stack trace:
#0 C:\wamp64\www\System\vendor\laravel\framework\src\Illuminate\Foundation\Bootstrap\HandleExceptions.php(131): Symfony\Component\Debug\Exception\FatalErrorException->__construct()
#1 C:\wamp64\www\System\vendor\laravel\framework\src\Illuminate\Foundation\Bootstrap\HandleExceptions.php(116): Illuminate\Foundation\Bootstrap\HandleExceptions->fatalExceptionFromError()
#2 C:\wamp64\www\System\vendor\laravel\framework\src\Illuminate\Foundation\Bootstrap\HandleExceptions.php(0): Illuminate\Foundation\Bootstrap\HandleExceptions->handleShutdown()
#3 C:\wamp64\www\System\vendor\laravel\framework\src\Illuminate\Foundation\ProviderRepository.php(115): Illuminate\Foundation\ProviderRepository->createProvider()
#4 C:\wamp64\www\System\vendor\laravel\framework\src\Illuminate\Foundation\ProviderRepository.php(59): Illuminate\Foundation\ProviderRepository->compileManifest()
#5 C:\wamp64\www\System\vendor\laravel\framework\src\Illuminate\Foundation\Application.php(468): Illuminate\Foundation\ProviderRepository->load()
#6 C:\wamp64\www\System\vendor\laravel\framework\src\Illuminate\Foundation\Bootstrap\RegisterProviders.php(15): Illuminate\Foundation\Application->registerConfiguredProviders()
#7 C:\wamp64\www\System\vendor\laravel\framework\src\Illuminate\Foundation\Application.php(183): Illuminate\Foundation\Bootstrap\RegisterProviders->bootstrap()
#8 C:\wamp64\www\System\vendor\laravel\framework\src\Illuminate\Foundation\Http\Kernel.php(199): Illuminate\Foundation\Application->bootstrapWith()
#9 C:\wamp64\www\System\vendor\laravel\framework\src\Illuminate\Foundation\Http\Kernel.php(110): Illuminate\Foundation\Http\Kernel->bootstrap()
#10 C:\wamp64\www\System\vendor\laravel\framework\src\Illuminate\Foundation\Http\Kernel.php(84): Illuminate\Foundation\Http\Kernel->sendRequestThroughRouter()
#11 C:\wamp64\www\System\public\index.php(53): Illuminate\Foundation\Http\Kernel->handle()
#12 C:\wamp64\www\System\public\index.php(0): {main}()
#13 {main}  
[2016-06-15 23:59:48] local.ERROR: exception 'Symfony\Component\Debug\Exception\FatalErrorException' with message 'Class 'Way\Generators\GeneratorsServiceProvider' not found' in C:\wamp64\www\System\vendor\laravel\framework\src\Illuminate\Foundation\ProviderRepository.php:150
Stack trace:
#0 C:\wamp64\www\System\vendor\laravel\framework\src\Illuminate\Foundation\Bootstrap\HandleExceptions.php(131): Symfony\Component\Debug\Exception\FatalErrorException->__construct()
#1 C:\wamp64\www\System\vendor\laravel\framework\src\Illuminate\Foundation\Bootstrap\HandleExceptions.php(116): Illuminate\Foundation\Bootstrap\HandleExceptions->fatalExceptionFromError()
#2 C:\wamp64\www\System\vendor\laravel\framework\src\Illuminate\Foundation\Bootstrap\HandleExceptions.php(0): Illuminate\Foundation\Bootstrap\HandleExceptions->handleShutdown()
#3 C:\wamp64\www\System\vendor\laravel\framework\src\Illuminate\Foundation\ProviderRepository.php(115): Illuminate\Foundation\ProviderRepository->createProvider()
#4 C:\wamp64\www\System\vendor\laravel\framework\src\Illuminate\Foundation\ProviderRepository.php(59): Illuminate\Foundation\ProviderRepository->compileManifest()
#5 C:\wamp64\www\System\vendor\laravel\framework\src\Illuminate\Foundation\Application.php(468): Illuminate\Foundation\ProviderRepository->load()
#6 C:\wamp64\www\System\vendor\laravel\framework\src\Illuminate\Foundation\Bootstrap\RegisterProviders.php(15): Illuminate\Foundation\Application->registerConfiguredProviders()
#7 C:\wamp64\www\System\vendor\laravel\framework\src\Illuminate\Foundation\Application.php(183): Illuminate\Foundation\Bootstrap\RegisterProviders->bootstrap()
#8 C:\wamp64\www\System\vendor\laravel\framework\src\Illuminate\Foundation\Http\Kernel.php(199): Illuminate\Foundation\Application->bootstrapWith()
#9 C:\wamp64\www\System\vendor\laravel\framework\src\Illuminate\Foundation\Http\Kernel.php(110): Illuminate\Foundation\Http\Kernel->bootstrap()
#10 C:\wamp64\www\System\vendor\laravel\framework\src\Illuminate\Foundation\Http\Kernel.php(84): Illuminate\Foundation\Http\Kernel->sendRequestThroughRouter()
#11 C:\wamp64\www\System\public\index.php(53): Illuminate\Foundation\Http\Kernel->handle()
#12 C:\wamp64\www\System\public\index.php(0): {main}()
#13 {main}  
[2016-06-15 23:59:48] local.ERROR: exception 'Symfony\Component\Debug\Exception\FatalErrorException' with message 'Class 'Way\Generators\GeneratorsServiceProvider' not found' in C:\wamp64\www\System\vendor\laravel\framework\src\Illuminate\Foundation\ProviderRepository.php:150
Stack trace:
#0 C:\wamp64\www\System\vendor\laravel\framework\src\Illuminate\Foundation\Bootstrap\HandleExceptions.php(131): Symfony\Component\Debug\Exception\FatalErrorException->__construct()
#1 C:\wamp64\www\System\vendor\laravel\framework\src\Illuminate\Foundation\Bootstrap\HandleExceptions.php(116): Illuminate\Foundation\Bootstrap\HandleExceptions->fatalExceptionFromError()
#2 C:\wamp64\www\System\vendor\laravel\framework\src\Illuminate\Foundation\Bootstrap\HandleExceptions.php(0): Illuminate\Foundation\Bootstrap\HandleExceptions->handleShutdown()
#3 C:\wamp64\www\System\vendor\laravel\framework\src\Illuminate\Foundation\ProviderRepository.php(115): Illuminate\Foundation\ProviderRepository->createProvider()
#4 C:\wamp64\www\System\vendor\laravel\framework\src\Illuminate\Foundation\ProviderRepository.php(59): Illuminate\Foundation\ProviderRepository->compileManifest()
#5 C:\wamp64\www\System\vendor\laravel\framework\src\Illuminate\Foundation\Application.php(468): Illuminate\Foundation\ProviderRepository->load()
#6 C:\wamp64\www\System\vendor\laravel\framework\src\Illuminate\Foundation\Bootstrap\RegisterProviders.php(15): Illuminate\Foundation\Application->registerConfiguredProviders()
#7 C:\wamp64\www\System\vendor\laravel\framework\src\Illuminate\Foundation\Application.php(183): Illuminate\Foundation\Bootstrap\RegisterProviders->bootstrap()
#8 C:\wamp64\www\System\vendor\laravel\framework\src\Illuminate\Foundation\Http\Kernel.php(199): Illuminate\Foundation\Application->bootstrapWith()
#9 C:\wamp64\www\System\vendor\laravel\framework\src\Illuminate\Foundation\Http\Kernel.php(110): Illuminate\Foundation\Http\Kernel->bootstrap()
#10 C:\wamp64\www\System\vendor\laravel\framework\src\Illuminate\Foundation\Http\Kernel.php(84): Illuminate\Foundation\Http\Kernel->sendRequestThroughRouter()
#11 C:\wamp64\www\System\public\index.php(53): Illuminate\Foundation\Http\Kernel->handle()
#12 C:\wamp64\www\System\public\index.php(0): {main}()
#13 {main}  
