[2016-06-22 00:07:39] local.ERROR: exception 'ReflectionException' with message 'Class UsersTableSeeder does not exist' in C:\wamp64\www\System\vendor\laravel\framework\src\Illuminate\Container\Container.php:779
Stack trace:
#0 C:\wamp64\www\System\vendor\laravel\framework\src\Illuminate\Container\Container.php(779): ReflectionClass->__construct('UsersTableSeede...')
#1 C:\wamp64\www\System\vendor\laravel\framework\src\Illuminate\Container\Container.php(659): Illuminate\Container\Container->build('UsersTableSeede...', Array)
#2 C:\wamp64\www\System\vendor\laravel\framework\src\Illuminate\Foundation\Application.php(644): Illuminate\Container\Container->make('UsersTableSeede...', Array)
#3 C:\wamp64\www\System\vendor\laravel\framework\src\Illuminate\Database\Seeder.php(58): Illuminate\Foundation\Application->make('UsersTableSeede...')
#4 C:\wamp64\www\System\vendor\laravel\framework\src\Illuminate\Database\Seeder.php(40): Illuminate\Database\Seeder->resolve('UsersTableSeede...')
#5 C:\wamp64\www\System\database\seeds\DatabaseSeeder.php(23): Illuminate\Database\Seeder->call('UsersTableSeede...')
#6 C:\wamp64\www\System\vendor\laravel\framework\src\Illuminate\Database\Console\SeedCommand.php(57): DatabaseSeeder->run()
#7 [internal function]: Illuminate\Database\Console\SeedCommand->fire()
#8 C:\wamp64\www\System\vendor\laravel\framework\src\Illuminate\Container\Container.php(526): call_user_func_array(Array, Array)
#9 C:\wamp64\www\System\vendor\laravel\framework\src\Illuminate\Console\Command.php(115): Illuminate\Container\Container->call(Array)
#10 C:\wamp64\www\System\vendor\symfony\console\Symfony\Component\Console\Command\Command.php(257): Illuminate\Console\Command->execute(Object(Symfony\Component\Console\Input\ArgvInput), Object(Symfony\Component\Console\Output\ConsoleOutput))
#11 C:\wamp64\www\System\vendor\laravel\framework\src\Illuminate\Console\Command.php(101): Symfony\Component\Console\Command\Command->run(Object(Symfony\Component\Console\Input\ArgvInput), Object(Symfony\Component\Console\Output\ConsoleOutput))
#12 C:\wamp64\www\System\vendor\symfony\console\Symfony\Component\Console\Application.php(874): Illuminate\Console\Command->run(Object(Symfony\Component\Console\Input\ArgvInput), Object(Symfony\Component\Console\Output\ConsoleOutput))
#13 C:\wamp64\www\System\vendor\symfony\console\Symfony\Component\Console\Application.php(195): Symfony\Component\Console\Application->doRunCommand(Object(Illuminate\Database\Console\SeedCommand), Object(Symfony\Component\Console\Input\ArgvInput), Object(Symfony\Component\Console\Output\ConsoleOutput))
#14 C:\wamp64\www\System\vendor\symfony\console\Symfony\Component\Console\Application.php(126): Symfony\Component\Console\Application->doRun(Object(Symfony\Component\Console\Input\ArgvInput), Object(Symfony\Component\Console\Output\ConsoleOutput))
#15 C:\wamp64\www\System\vendor\laravel\framework\src\Illuminate\Foundation\Console\Kernel.php(94): Symfony\Component\Console\Application->run(Object(Symfony\Component\Console\Input\ArgvInput), Object(Symfony\Component\Console\Output\ConsoleOutput))
#16 C:\wamp64\www\System\artisan(36): Illuminate\Foundation\Console\Kernel->handle(Object(Symfony\Component\Console\Input\ArgvInput), Object(Symfony\Component\Console\Output\ConsoleOutput))
#17 {main}  
