[2016-07-06 08:23:45] local.ERROR: exception 'ReflectionException' with message 'Class CourseOfferingTableSeeder does not exist' in C:\wamp\www\IBSInformationSystem\vendor\laravel\framework\src\Illuminate\Container\Container.php:779
Stack trace:
#0 C:\wamp\www\IBSInformationSystem\vendor\laravel\framework\src\Illuminate\Container\Container.php(779): ReflectionClass->__construct('CourseOfferingT...')
#1 C:\wamp\www\IBSInformationSystem\vendor\laravel\framework\src\Illuminate\Container\Container.php(659): Illuminate\Container\Container->build('CourseOfferingT...', Array)
#2 C:\wamp\www\IBSInformationSystem\vendor\laravel\framework\src\Illuminate\Foundation\Application.php(644): Illuminate\Container\Container->make('CourseOfferingT...', Array)
#3 C:\wamp\www\IBSInformationSystem\vendor\laravel\framework\src\Illuminate\Database\Seeder.php(58): Illuminate\Foundation\Application->make('CourseOfferingT...')
#4 C:\wamp\www\IBSInformationSystem\vendor\laravel\framework\src\Illuminate\Database\Seeder.php(40): Illuminate\Database\Seeder->resolve('CourseOfferingT...')
#5 C:\wamp\www\IBSInformationSystem\database\seeds\DatabaseSeeder.php(24): Illuminate\Database\Seeder->call('CourseOfferingT...')
#6 C:\wamp\www\IBSInformationSystem\vendor\laravel\framework\src\Illuminate\Database\Console\SeedCommand.php(57): DatabaseSeeder->run()
#7 [internal function]: Illuminate\Database\Console\SeedCommand->fire()
#8 C:\wamp\www\IBSInformationSystem\vendor\laravel\framework\src\Illuminate\Container\Container.php(526): call_user_func_array(Array, Array)
#9 C:\wamp\www\IBSInformationSystem\vendor\laravel\framework\src\Illuminate\Console\Command.php(115): Illuminate\Container\Container->call(Array)
#10 C:\wamp\www\IBSInformationSystem\vendor\symfony\console\Symfony\Component\Console\Command\Command.php(257): Illuminate\Console\Command->execute(Object(Symfony\Component\Console\Input\ArgvInput), Object(Symfony\Component\Console\Output\ConsoleOutput))
#11 C:\wamp\www\IBSInformationSystem\vendor\laravel\framework\src\Illuminate\Console\Command.php(101): Symfony\Component\Console\Command\Command->run(Object(Symfony\Component\Console\Input\ArgvInput), Object(Symfony\Component\Console\Output\ConsoleOutput))
#12 C:\wamp\www\IBSInformationSystem\vendor\symfony\console\Symfony\Component\Console\Application.php(874): Illuminate\Console\Command->run(Object(Symfony\Component\Console\Input\ArgvInput), Object(Symfony\Component\Console\Output\ConsoleOutput))
#13 C:\wamp\www\IBSInformationSystem\vendor\symfony\console\Symfony\Component\Console\Application.php(195): Symfony\Component\Console\Application->doRunCommand(Object(Illuminate\Database\Console\SeedCommand), Object(Symfony\Component\Console\Input\ArgvInput), Object(Symfony\Component\Console\Output\ConsoleOutput))
#14 C:\wamp\www\IBSInformationSystem\vendor\symfony\console\Symfony\Component\Console\Application.php(126): Symfony\Component\Console\Application->doRun(Object(Symfony\Component\Console\Input\ArgvInput), Object(Symfony\Component\Console\Output\ConsoleOutput))
#15 C:\wamp\www\IBSInformationSystem\vendor\laravel\framework\src\Illuminate\Foundation\Console\Kernel.php(94): Symfony\Component\Console\Application->run(Object(Symfony\Component\Console\Input\ArgvInput), Object(Symfony\Component\Console\Output\ConsoleOutput))
#16 C:\wamp\www\IBSInformationSystem\artisan(36): Illuminate\Foundation\Console\Kernel->handle(Object(Symfony\Component\Console\Input\ArgvInput), Object(Symfony\Component\Console\Output\ConsoleOutput))
#17 {main}  
[2016-07-06 08:58:44] local.ERROR: exception 'InvalidArgumentException' with message 'Command "dup" is not defined.

Did you mean this?
    up' in C:\wamp\www\IBSInformationSystem\vendor\symfony\console\Symfony\Component\Console\Application.php:549
Stack trace:
#0 C:\wamp\www\IBSInformationSystem\vendor\symfony\console\Symfony\Component\Console\Application.php(192): Symfony\Component\Console\Application->find('dup')
#1 C:\wamp\www\IBSInformationSystem\vendor\symfony\console\Symfony\Component\Console\Application.php(126): Symfony\Component\Console\Application->doRun(Object(Symfony\Component\Console\Input\ArgvInput), Object(Symfony\Component\Console\Output\ConsoleOutput))
#2 C:\wamp\www\IBSInformationSystem\vendor\laravel\framework\src\Illuminate\Foundation\Console\Kernel.php(94): Symfony\Component\Console\Application->run(Object(Symfony\Component\Console\Input\ArgvInput), Object(Symfony\Component\Console\Output\ConsoleOutput))
#3 C:\wamp\www\IBSInformationSystem\artisan(36): Illuminate\Foundation\Console\Kernel->handle(Object(Symfony\Component\Console\Input\ArgvInput), Object(Symfony\Component\Console\Output\ConsoleOutput))
#4 {main}  
[2016-07-06 09:40:05] local.ERROR: exception 'Symfony\Component\Debug\Exception\FatalErrorException' with message 'Call to undefined method Illuminate\Database\Schema\Blueprint::engine()' in C:\wamp\www\IBSInformationSystem\database\migrations\2016_04_16_112203_create_courses_table.php:17
Stack trace:
#0 {main}  
[2016-07-06 09:43:50] local.ERROR: exception 'Symfony\Component\Debug\Exception\FatalErrorException' with message 'Call to undefined method Illuminate\Database\Schema\Blueprint::engine()' in C:\wamp\www\IBSInformationSystem\database\migrations\2016_06_29_075151_create_course_offering_table.php:17
Stack trace:
#0 {main}  
[2016-07-06 09:44:25] local.ERROR: exception 'Symfony\Component\Debug\Exception\FatalErrorException' with message 'Call to undefined method Illuminate\Database\Schema\Blueprint::engine()' in C:\wamp\www\IBSInformationSystem\database\migrations\2016_06_29_075151_create_course_offering_table.php:17
Stack trace:
#0 {main}  
